<?xml version="1.0" encoding="utf-8"?><testsuites name="pytest tests"><testsuite name="pytest" errors="0" failures="0" skipped="0" tests="8" time="3.288" timestamp="2026-06-13T00:36:06.632360+00:00" hostname="agent-env-4f48749b-c8de-40e4-9e5b-44b0f2c0aeda"><testcase classname="backend.tests.test_live_iter11" name="test_stripe_webhook_health" time="0.778" /><testcase classname="backend.tests.test_live_iter11" name="test_stripe_tax_status_off_by_default" time="0.461" /><testcase classname="backend.tests.test_live_iter11" name="test_refund_policy_public_endpoint_shape" time="0.250" /><testcase classname="backend.tests.test_live_iter11" name="test_organizer_public_endpoint_no_auth" time="0.825" /><testcase classname="backend.tests.test_live_iter11" name="test_me_following_requires_auth" time="0.112" /><testcase classname="backend.tests.test_live_iter11" name="test_me_transfers_auth" time="0.470" /><testcase classname="backend.tests.test_live_iter11" name="test_affiliate_track_unknown_code_redirects_safely" time="0.133" /><testcase classname="backend.tests.test_live_iter11" name="test_affiliate_resolve_unknown" time="0.114" /></testsuite></testsuites>