<?xml version="1.0" encoding="utf-8"?><testsuites name="pytest tests"><testsuite name="pytest" errors="0" failures="1" skipped="0" tests="21" time="4.498" timestamp="2026-06-25T23:54:12.610074+00:00" hostname="agent-env-4f48749b-c8de-40e4-9e5b-44b0f2c0aeda"><testcase classname="tests.test_creator_codes" name="test_create_creator_code_success" time="0.654" /><testcase classname="tests.test_creator_codes" name="test_duplicate_creator_code_returns_409" time="0.148" /><testcase classname="tests.test_creator_codes" name="test_invalid_code_format_returns_400[ab]" time="0.136"><failure message="AssertionError: Expected 400 for 'ab', got 200: {&quot;code_id&quot;:&quot;dc_63b620d2c72b&quot;,&quot;code&quot;:&quot;AB&quot;,&quot;kind&quot;:&quot;percent&quot;,&quot;value&quot;:10.0,&quot;event_id&quot;:&quot;evt_656b89734cd7&quot;,&quot;max_uses&quot;:null,&quot;uses_count&quot;:0,&quot;expires_at&quot;:null,&quot;restricted_tiers&quot;:[],&quot;active&quot;:true,&quot;created_by&quot;:&quot;user_926930bed59d&quot;,&quot;creator_id&quot;:&quot;user_2492358084d3&quot;,&quot;creator_email&quot;:&quot;orgtester@allsale.events&quot;,&quot;creator_name&quot;:&quot;OrgTester&quot;,&quot;commission_percent&quot;:null,&quot;admin_created_by&quot;:&quot;user_b2cf0afabe69&quot;,&quot;auto_generated&quot;:false,&quot;kind_tag&quot;:&quot;creator_promo&quot;,&quot;created_at&quot;:&quot;2026-06-25T23:54:13.825273+00:00&quot;}&#10;assert 200 == 400&#10; +  where 200 = &lt;Response [200]&gt;.status_code">tests/test_creator_codes.py:107: in test_invalid_code_format_returns_400
    assert r.status_code == 400, f"Expected 400 for {bad_code!r}, got {r.status_code}: {r.text}"
E   AssertionError: Expected 400 for 'ab', got 200: {"code_id":"dc_63b620d2c72b","code":"AB","kind":"percent","value":10.0,"event_id":"evt_656b89734cd7","max_uses":null,"uses_count":0,"expires_at":null,"restricted_tiers":[],"active":true,"created_by":"user_926930bed59d","creator_id":"user_2492358084d3","creator_email":"orgtester@allsale.events","creator_name":"OrgTester","commission_percent":null,"admin_created_by":"user_b2cf0afabe69","auto_generated":false,"kind_tag":"creator_promo","created_at":"2026-06-25T23:54:13.825273+00:00"}
E   assert 200 == 400
E    +  where 200 = &lt;Response [200]&gt;.status_code</failure></testcase><testcase classname="tests.test_creator_codes" name="test_invalid_code_format_returns_400[a]" time="0.128" /><testcase classname="tests.test_creator_codes" name="test_invalid_code_format_returns_400[!!!]" time="0.123" /><testcase classname="tests.test_creator_codes" name="test_invalid_code_format_returns_400[AB!]" time="0.121" /><testcase classname="tests.test_creator_codes" name="test_invalid_code_format_returns_400[-AB]" time="0.117" /><testcase classname="tests.test_creator_codes" name="test_missing_creator_returns_404" time="0.128" /><testcase classname="tests.test_creator_codes" name="test_invalid_event_returns_404" time="0.124" /><testcase classname="tests.test_creator_codes" name="test_non_admin_403_on_create" time="0.510" /><testcase classname="tests.test_creator_codes" name="test_non_admin_403_on_list" time="0.171" /><testcase classname="tests.test_creator_codes" name="test_non_admin_403_on_delete" time="0.130" /><testcase classname="tests.test_creator_codes" name="test_non_admin_403_on_users_search" time="0.126" /><testcase classname="tests.test_creator_codes" name="test_list_includes_created_code_with_stats" time="0.130" /><testcase classname="tests.test_creator_codes" name="test_public_validate_finds_admin_created_code" time="0.163" /><testcase classname="tests.test_creator_codes" name="test_users_search_finds_orgtester" time="0.122" /><testcase classname="tests.test_creator_codes" name="test_users_search_min_length" time="0.124" /><testcase classname="tests.test_creator_codes" name="test_deactivate_creator_code_and_validation_fails" time="0.376" /><testcase classname="tests.test_creator_codes" name="test_deactivate_missing_returns_404" time="0.131" /><testcase classname="tests.test_creator_codes" name="test_record_creator_earning_helper_exists" time="0.470" /><testcase classname="tests.test_creator_codes" name="test_creator_earnings_unique_index_present" time="0.013" /></testsuite></testsuites>