<?xml version="1.0" encoding="utf-8"?><testsuites name="pytest tests"><testsuite name="pytest" errors="0" failures="2" skipped="0" tests="12" time="1.867" timestamp="2026-06-12T23:48:49.107415+00:00" hostname="agent-env-4f48749b-c8de-40e4-9e5b-44b0f2c0aeda"><testcase classname="tests.test_connect_payouts" name="test_payout_engine_branches" time="0.014" /><testcase classname="tests.test_connect_payouts" name="test_hold_hours_default_is_five_days" time="0.000" /><testcase classname="tests.test_stripe_connect" name="test_status_returns_empty_when_no_account" time="0.242" /><testcase classname="tests.test_stripe_connect" name="test_dashboard_link_requires_account_first" time="0.005" /><testcase classname="tests.test_stripe_connect" name="test_onboard_requires_organizer_role" time="0.246" /><testcase classname="tests.test_stripe_connect" name="test_me_exposes_stripe_fields" time="0.004" /><testcase classname="tests.test_stripe_connect" name="test_webhook_endpoint_accepts_unsigned_payload_in_dev" time="0.193" /><testcase classname="tests.test_fees" name="test_compute_fees_known_math" time="0.001" /><testcase classname="tests.test_fees" name="test_compute_fees_zero_face_is_free" time="0.000" /><testcase classname="tests.test_fees" name="test_compute_fees_serialises_to_dict" time="0.000" /><testcase classname="tests.test_fees" name="test_booking_stores_fee_breakdown" time="0.487"><failure message="RuntimeError: Event loop is closed">E   RuntimeError: Event loop is closed</failure></testcase><testcase classname="tests.test_connect_reversal" name="test_reverse_transfer_branches" time="0.001"><failure message="RuntimeError: Event loop is closed">E   RuntimeError: Event loop is closed</failure></testcase></testsuite></testsuites>