<?xml version="1.0" encoding="utf-8"?><testsuites name="pytest tests"><testsuite name="pytest" errors="0" failures="0" skipped="0" tests="8" time="0.619" timestamp="2026-06-26T07:30:54.108730+00:00" hostname="agent-env-4f48749b-c8de-40e4-9e5b-44b0f2c0aeda"><testcase classname="tests.test_email_attachment_bytes" name="test_normalize_bytes_to_base64_string" time="0.001" /><testcase classname="tests.test_email_attachment_bytes" name="test_normalize_bytearray_to_base64_string" time="0.001" /><testcase classname="tests.test_email_attachment_bytes" name="test_normalize_passthrough_for_base64_string" time="0.000" /><testcase classname="tests.test_email_attachment_bytes" name="test_normalize_passthrough_for_list_of_ints" time="0.000" /><testcase classname="tests.test_email_attachment_bytes" name="test_normalize_drops_unsupported_content" time="0.001" /><testcase classname="tests.test_email_attachment_bytes" name="test_normalize_output_is_json_serialisable" time="0.000" /><testcase classname="tests.test_email_attachment_bytes" name="test_send_template_serialises_bytes_attachment" time="0.004" /><testcase classname="tests.test_email_attachment_bytes" name="test_real_ticket_pdf_passes_through_normaliser" time="0.336" /></testsuite></testsuites>