<?xml version="1.0" encoding="utf-8"?><testsuites name="pytest tests"><testsuite name="pytest" errors="0" failures="0" skipped="0" tests="6" time="9.105" timestamp="2026-06-26T07:33:43.312715+00:00" hostname="agent-env-4f48749b-c8de-40e4-9e5b-44b0f2c0aeda"><testcase classname="tests.test_iter24_email_resend_api" name="test_target_booking_exists_and_is_paid" time="0.163" /><testcase classname="tests.test_iter24_email_resend_api" name="test_admin_resend_booking_returns_200" time="0.857" /><testcase classname="tests.test_iter24_email_resend_api" name="test_email_log_row_was_sent_with_resend_id" time="2.362" /><testcase classname="tests.test_iter24_email_resend_api" name="test_no_new_bytes_serialization_failures" time="3.785" /><testcase classname="tests.test_iter24_email_resend_api" name="test_resend_endpoint_rejects_unknown_booking" time="0.050" /><testcase classname="tests.test_iter24_email_resend_api" name="test_admin_send_test_email_works" time="1.751" /></testsuite></testsuites>