<?xml version="1.0" encoding="utf-8"?><testsuites name="pytest tests"><testsuite name="pytest" errors="0" failures="0" skipped="0" tests="7" time="3.206" timestamp="2026-06-26T01:09:33.421167+00:00" hostname="agent-env-4f48749b-c8de-40e4-9e5b-44b0f2c0aeda"><testcase classname="backend.tests.test_iter23_creator_features" name="test_fees_public_settings_no_auth" time="1.007" /><testcase classname="backend.tests.test_iter23_creator_features" name="test_my_codes_org_tester" time="0.454" /><testcase classname="backend.tests.test_iter23_creator_features" name="test_my_codes_fresh_user_empty" time="0.807" /><testcase classname="backend.tests.test_iter23_creator_features" name="test_influencer_enable_persists_avatar" time="0.131" /><testcase classname="backend.tests.test_iter23_creator_features" name="test_influencer_me_org" time="0.055" /><testcase classname="backend.tests.test_iter23_creator_features" name="test_influencer_dashboard_org" time="0.054" /><testcase classname="backend.tests.test_iter23_creator_features" name="test_admin_creator_codes_regression" time="0.511" /></testsuite></testsuites>