<?xml version="1.0" encoding="utf-8"?><testsuites name="pytest tests"><testsuite name="pytest" errors="0" failures="0" skipped="0" tests="3" time="4.541" timestamp="2026-06-29T04:40:40.425862+00:00" hostname="agent-env-4f48749b-c8de-40e4-9e5b-44b0f2c0aeda"><testcase classname="tests.test_iter26_stripe_connect_remind" name="test_targeted_reminder_to_one_organizer" time="4.262" /><testcase classname="tests.test_iter26_stripe_connect_remind" name="test_remind_skips_already_connected_org" time="0.013" /><testcase classname="tests.test_iter26_stripe_connect_remind" name="test_blast_all_matches_summary_not_connected" time="0.106" /></testsuite></testsuites>