<?xml version="1.0" encoding="utf-8"?><testsuites name="pytest tests"><testsuite name="pytest" errors="0" failures="0" skipped="0" tests="24" time="5.884" timestamp="2026-07-01T05:33:47.913509+00:00" hostname="agent-env-4f48749b-c8de-40e4-9e5b-44b0f2c0aeda"><testcase classname="tests.test_lead_enrichment" name="test_regex_fast_path_finds_personal_email" time="0.012" /><testcase classname="tests.test_lead_enrichment" name="test_llm_fallback_scrapes_venue_site_and_extracts_owner" time="0.006" /><testcase classname="tests.test_lead_enrichment" name="test_generic_only_email_gets_low_confidence" time="0.005" /><testcase classname="tests.test_lead_enrichment" name="test_firecrawl_failure_reports_status" time="0.007" /><testcase classname="tests.test_lead_enrichment" name="test_no_source_url_short_circuits" time="0.005" /><testcase classname="tests.test_lead_enrichment" name="test_batch_only_placeholder_skips_real_emails" time="0.008" /><testcase classname="tests.test_lead_enrichment" name="test_batch_explicit_lead_ids_ignore_placeholder_flag" time="0.006" /><testcase classname="tests.test_lead_enrichment" name="test_non_admin_gets_403" time="0.002" /><testcase classname="tests.test_lead_enrichment" name="test_missing_firecrawl_key_returns_503" time="0.001" /><testcase classname="tests.test_lead_enrichment" name="test_clean_email_rejects_placeholders" time="0.000" /><testcase classname="tests.test_lead_enrichment" name="test_is_generic_email" time="0.000" /><testcase classname="tests.test_lead_enrichment" name="test_extract_website_prefers_explicit_website_link" time="0.000" /><testcase classname="tests.test_lead_enrichment" name="test_extract_website_strips_markdown_title_attribute" time="0.140" /><testcase classname="tests.test_lead_enrichment" name="test_clean_url_helper" time="0.000" /><testcase classname="tests.test_lead_enrichment" name="test_extract_website_skips_socials_and_source_host" time="0.000" /><testcase classname="tests.test_lead_enrichment" name="test_extract_emails_dedupes_and_cleans" time="0.000" /><testcase classname="tests.test_recruitment_leads" name="test_recruitment_leads_full_lifecycle" time="1.922" /><testcase classname="tests.test_recruitment_leads_csv" name="test_export_returns_csv_with_correct_headers_and_rows" time="0.035" /><testcase classname="tests.test_recruitment_leads_csv" name="test_import_csv_updates_existing_by_lead_id" time="0.010" /><testcase classname="tests.test_recruitment_leads_csv" name="test_import_csv_reports_unknown_lead_ids" time="0.003" /><testcase classname="tests.test_recruitment_leads_csv" name="test_import_csv_invalid_status_is_flagged_not_applied" time="0.009" /><testcase classname="tests.test_recruitment_leads_csv" name="test_import_csv_detects_duplicate_emails_across_rows" time="0.007" /><testcase classname="tests.test_recruitment_leads_csv" name="test_import_csv_rejects_missing_lead_id_column" time="0.001" /><testcase classname="tests.test_recruitment_leads_csv" name="test_non_admin_gets_403_on_both_endpoints" time="0.003" /></testsuite></testsuites>