<?xml version="1.0" encoding="utf-8"?><testsuites name="pytest tests"><testsuite name="pytest" errors="0" failures="0" skipped="0" tests="9" time="6.669" timestamp="2026-06-15T06:32:56.986094+00:00" hostname="agent-env-4f48749b-c8de-40e4-9e5b-44b0f2c0aeda"><testcase classname="backend.tests.test_iteration12_influencer_features" name="test_enable_is_idempotent_and_me_reflects_state" time="0.708" /><testcase classname="backend.tests.test_iteration12_influencer_features" name="test_marketplace_filters_and_hides_email" time="0.584" /><testcase classname="backend.tests.test_iteration12_influencer_features" name="test_public_profile_returns_stats_and_404" time="0.519" /><testcase classname="backend.tests.test_iteration12_influencer_features" name="test_events_persist_affiliate_flags" time="0.594" /><testcase classname="backend.tests.test_iteration12_influencer_features" name="test_self_join_open_program_idempotent_and_closed_403" time="1.220" /><testcase classname="backend.tests.test_iteration12_influencer_features" name="test_payout_request_threshold_and_stripe_gating" time="0.530" /><testcase classname="backend.tests.test_iteration12_influencer_features" name="test_stripe_onboard_endpoint_present" time="0.499" /><testcase classname="backend.tests.test_iteration12_influencer_features" name="test_utm_link_generator_validates_and_attaches_code" time="1.085" /><testcase classname="backend.tests.test_influencers" name="test_join_closed_program_rejected" time="0.814" /></testsuite></testsuites>