<?xml version="1.0" encoding="utf-8"?><testsuites name="pytest tests"><testsuite name="pytest" errors="0" failures="0" skipped="0" tests="15" time="0.768" timestamp="2026-06-29T00:47:19.252453+00:00" hostname="agent-env-4f48749b-c8de-40e4-9e5b-44b0f2c0aeda"><testcase classname="tests.test_stripe_destination_charges.TestShouldUseDestinationCharge" name="test_happy_path_organizer_with_connect" time="0.001" /><testcase classname="tests.test_stripe_destination_charges.TestShouldUseDestinationCharge" name="test_no_organizer" time="0.000" /><testcase classname="tests.test_stripe_destination_charges.TestShouldUseDestinationCharge" name="test_organizer_without_stripe_account" time="0.000" /><testcase classname="tests.test_stripe_destination_charges.TestShouldUseDestinationCharge" name="test_organizer_charges_not_enabled" time="0.000" /><testcase classname="tests.test_stripe_destination_charges.TestShouldUseDestinationCharge" name="test_gift_card_redemption_uses_legacy" time="0.001" /><testcase classname="tests.test_stripe_destination_charges.TestShouldUseDestinationCharge" name="test_no_stripe_api_key" time="0.000" /><testcase classname="tests.test_stripe_destination_charges.TestShouldUseDestinationCharge" name="test_free_or_zero_amount_booking" time="0.000" /><testcase classname="tests.test_stripe_destination_charges.TestShouldUseDestinationCharge" name="test_face_value_greater_than_amount_bails" time="0.000" /><testcase classname="tests.test_stripe_destination_charges.TestApplicationFeeMath" name="test_exclusive_mode_25_ticket" time="0.000" /><testcase classname="tests.test_stripe_destination_charges.TestApplicationFeeMath" name="test_absorb_fees_mode" time="0.000" /><testcase classname="tests.test_stripe_destination_charges.TestApplicationFeeMath" name="test_with_protection_surcharge" time="0.000" /><testcase classname="tests.test_stripe_destination_charges.TestApplicationFeeMath" name="test_floors_to_zero_when_face_exceeds_amount" time="0.000" /><testcase classname="tests.test_stripe_destination_charges.TestApplicationFeeMath" name="test_rounds_half_up" time="0.000" /><testcase classname="tests.test_stripe_destination_charges.TestPayoutEligibility" name="test_destination_charge_bookings_excluded" time="0.002" /><testcase classname="tests.test_stripe_destination_charges.TestPayoutEligibility" name="test_legacy_bookings_still_eligible" time="0.002" /></testsuite></testsuites>