<?xml version="1.0" encoding="utf-8"?><testsuites name="pytest tests"><testsuite name="pytest" errors="0" failures="0" skipped="0" tests="6" time="3.618" timestamp="2026-07-01T05:34:26.879763+00:00" hostname="agent-env-4f48749b-c8de-40e4-9e5b-44b0f2c0aeda"><testcase classname="tests.test_lead_enrichment_live" name="test_enrich_one_without_auth_401" time="0.284" /><testcase classname="tests.test_lead_enrichment_live" name="test_enrich_one_non_admin_403" time="0.488" /><testcase classname="tests.test_lead_enrichment_live" name="test_enrich_one_missing_lead_404" time="0.499" /><testcase classname="tests.test_lead_enrichment_live" name="test_enrich_batch_no_matching_leads" time="0.130" /><testcase classname="tests.test_lead_enrichment_live" name="test_enrich_one_stonehenge_real_firecrawl" time="1.015" /><testcase classname="tests.test_lead_enrichment_live" name="test_enrich_batch_with_real_lead_id" time="0.985" /></testsuite></testsuites>