<?xml version="1.0" encoding="utf-8"?><testsuites name="pytest tests"><testsuite name="pytest" errors="0" failures="0" skipped="0" tests="40" time="60.748" timestamp="2026-06-16T03:18:16.628457+00:00" hostname="agent-env-4f48749b-c8de-40e4-9e5b-44b0f2c0aeda"><testcase classname="tests.test_group_discount" name="test_group_discount_applies_when_threshold_met" time="0.052" /><testcase classname="tests.test_group_discount" name="test_group_discount_disabled_when_threshold_zero" time="0.011" /><testcase classname="tests.test_group_discount" name="test_group_discount_stacks_with_promo_code" time="0.015" /><testcase classname="tests.test_faq_chatbot" name="test_faq_ask_persists_visitor_and_bot_messages" time="0.011" /><testcase classname="tests.test_faq_chatbot" name="test_faq_ask_escalates_when_token_present" time="0.009" /><testcase classname="tests.test_faq_chatbot" name="test_faq_escalate_flips_session_status_to_open" time="0.010" /><testcase classname="tests.test_gift_cards" name="test_gen_gift_code_format" time="0.001" /><testcase classname="tests.test_gift_cards" name="test_normalize_code_strips_whitespace_and_uppercases" time="0.017" /><testcase classname="tests.test_gift_cards" name="test_redeem_gift_card_partial_and_depletion" time="0.046" /><testcase classname="tests.test_gift_cards" name="test_redeem_rejects_wrong_currency" time="0.003" /><testcase classname="tests.test_gift_cards" name="test_finalize_purchase_activates_pending_card" time="0.010" /><testcase classname="tests.test_gift_cards" name="test_booking_hold_applies_gift_card_amount" time="0.020" /><testcase classname="tests.test_bundles" name="test_create_bundle_rejects_foreign_events" time="0.007" /><testcase classname="tests.test_bundles" name="test_create_and_get_bundle_computes_savings" time="0.008" /><testcase classname="tests.test_bundles" name="test_finalize_purchase_creates_bookings_per_event" time="0.061" /><testcase classname="tests.test_organizer_referrals" name="test_ref_code_is_deterministic" time="0.000" /><testcase classname="tests.test_organizer_referrals" name="test_referral_credit_grants_on_first_approval_and_is_idempotent" time="0.042" /><testcase classname="tests.test_organizer_referrals" name="test_no_credit_when_user_was_not_referred" time="0.020" /><testcase classname="tests.test_iteration13_api.TestGroupDiscountAPI" name="test_create_event_with_group_discount_persists_payload" time="0.732" /><testcase classname="tests.test_iteration13_api.TestGroupDiscountAPI" name="test_event_group_discount_editable_via_patch" time="20.267" /><testcase classname="tests.test_iteration13_api.TestFaqChatbotAPI" name="test_faq_ask_returns_answer_or_502_when_llm_unconfigured" time="4.574" /><testcase classname="tests.test_iteration13_api.TestFaqChatbotAPI" name="test_faq_escalate_404_on_missing_session" time="0.138" /><testcase classname="tests.test_iteration13_api.TestFaqChatbotAPI" name="test_faq_ask_payload_validation" time="0.267" /><testcase classname="tests.test_iteration13_api.TestGiftCardsAPI" name="test_balance_404_for_unknown_code" time="0.129" /><testcase classname="tests.test_iteration13_api.TestGiftCardsAPI" name="test_me_gift_cards_requires_auth" time="0.139" /><testcase classname="tests.test_iteration13_api.TestGiftCardsAPI" name="test_me_gift_cards_returns_list_when_authed" time="2.523" /><testcase classname="tests.test_iteration13_api.TestGiftCardsAPI" name="test_gift_card_purchase_requires_auth" time="0.159" /><testcase classname="tests.test_iteration13_api.TestGiftCardsAPI" name="test_gift_card_purchase_validation_min_amount" time="0.530" /><testcase classname="tests.test_iteration13_api.TestGiftCardsAPI" name="test_gift_card_purchase_reaches_stripe_or_502" time="0.893" /><testcase classname="tests.test_iteration13_api.TestBundlesAPI" name="test_create_bundle_requires_organizer" time="0.548" /><testcase classname="tests.test_iteration13_api.TestBundlesAPI" name="test_create_bundle_min_two_events" time="0.499" /><testcase classname="tests.test_iteration13_api.TestBundlesAPI" name="test_create_bundle_rejects_unknown_events" time="19.795" /><testcase classname="tests.test_iteration13_api.TestBundlesAPI" name="test_full_bundle_lifecycle_create_get_patch" time="1.268" /><testcase classname="tests.test_iteration13_api.TestBundlesAPI" name="test_bundle_purchase_requires_auth" time="0.142" /><testcase classname="tests.test_iteration13_api.TestBundlesAPI" name="test_bundle_purchase_404_unknown_bundle" time="0.481" /><testcase classname="tests.test_iteration13_api.TestReferralsAPI" name="test_referral_stats_requires_organizer" time="0.500" /><testcase classname="tests.test_iteration13_api.TestReferralsAPI" name="test_referral_stats_shape" time="0.498" /><testcase classname="tests.test_iteration13_api.TestReferralsAPI" name="test_stamp_referral_rejects_invalid_code" time="0.505" /><testcase classname="tests.test_iteration13_api.TestReferralsAPI" name="test_stamp_referral_rejects_self_referral" time="0.653" /><testcase classname="tests.test_iteration13_api.TestReferralsAPI" name="test_stamp_referral_happy_path_and_idempotency" time="1.295" /></testsuite></testsuites>