<?xml version="1.0" encoding="utf-8"?><testsuites name="pytest tests"><testsuite name="pytest" errors="0" failures="0" skipped="0" tests="22" time="13.253" timestamp="2026-06-16T03:17:52.028864+00:00" hostname="agent-env-4f48749b-c8de-40e4-9e5b-44b0f2c0aeda"><testcase classname="tests.test_iteration13_api.TestGroupDiscountAPI" name="test_create_event_with_group_discount_persists_payload" time="0.764" /><testcase classname="tests.test_iteration13_api.TestGroupDiscountAPI" name="test_event_group_discount_editable_via_patch" time="0.649" /><testcase classname="tests.test_iteration13_api.TestFaqChatbotAPI" name="test_faq_ask_returns_answer_or_502_when_llm_unconfigured" time="1.465" /><testcase classname="tests.test_iteration13_api.TestFaqChatbotAPI" name="test_faq_escalate_404_on_missing_session" time="0.116" /><testcase classname="tests.test_iteration13_api.TestFaqChatbotAPI" name="test_faq_ask_payload_validation" time="0.231" /><testcase classname="tests.test_iteration13_api.TestGiftCardsAPI" name="test_balance_404_for_unknown_code" time="0.146" /><testcase classname="tests.test_iteration13_api.TestGiftCardsAPI" name="test_me_gift_cards_requires_auth" time="0.118" /><testcase classname="tests.test_iteration13_api.TestGiftCardsAPI" name="test_me_gift_cards_returns_list_when_authed" time="0.508" /><testcase classname="tests.test_iteration13_api.TestGiftCardsAPI" name="test_gift_card_purchase_requires_auth" time="0.129" /><testcase classname="tests.test_iteration13_api.TestGiftCardsAPI" name="test_gift_card_purchase_validation_min_amount" time="0.516" /><testcase classname="tests.test_iteration13_api.TestGiftCardsAPI" name="test_gift_card_purchase_reaches_stripe_or_502" time="1.317" /><testcase classname="tests.test_iteration13_api.TestBundlesAPI" name="test_create_bundle_requires_organizer" time="0.503" /><testcase classname="tests.test_iteration13_api.TestBundlesAPI" name="test_create_bundle_min_two_events" time="0.514" /><testcase classname="tests.test_iteration13_api.TestBundlesAPI" name="test_create_bundle_rejects_unknown_events" time="0.521" /><testcase classname="tests.test_iteration13_api.TestBundlesAPI" name="test_full_bundle_lifecycle_create_get_patch" time="1.135" /><testcase classname="tests.test_iteration13_api.TestBundlesAPI" name="test_bundle_purchase_requires_auth" time="0.126" /><testcase classname="tests.test_iteration13_api.TestBundlesAPI" name="test_bundle_purchase_404_unknown_bundle" time="0.500" /><testcase classname="tests.test_iteration13_api.TestReferralsAPI" name="test_referral_stats_requires_organizer" time="0.536" /><testcase classname="tests.test_iteration13_api.TestReferralsAPI" name="test_referral_stats_shape" time="0.583" /><testcase classname="tests.test_iteration13_api.TestReferralsAPI" name="test_stamp_referral_rejects_invalid_code" time="0.487" /><testcase classname="tests.test_iteration13_api.TestReferralsAPI" name="test_stamp_referral_rejects_self_referral" time="0.624" /><testcase classname="tests.test_iteration13_api.TestReferralsAPI" name="test_stamp_referral_happy_path_and_idempotency" time="1.238" /></testsuite></testsuites>