<?xml version="1.0" encoding="utf-8"?><testsuites name="pytest tests"><testsuite name="pytest" errors="0" failures="0" skipped="0" tests="18" time="4.104" timestamp="2026-06-16T03:15:12.213706+00:00" hostname="agent-env-4f48749b-c8de-40e4-9e5b-44b0f2c0aeda"><testcase classname="tests.test_group_discount" name="test_group_discount_applies_when_threshold_met" time="0.045" /><testcase classname="tests.test_group_discount" name="test_group_discount_disabled_when_threshold_zero" time="0.031" /><testcase classname="tests.test_group_discount" name="test_group_discount_stacks_with_promo_code" time="0.020" /><testcase classname="tests.test_faq_chatbot" name="test_faq_ask_persists_visitor_and_bot_messages" time="0.013" /><testcase classname="tests.test_faq_chatbot" name="test_faq_ask_escalates_when_token_present" time="0.013" /><testcase classname="tests.test_faq_chatbot" name="test_faq_escalate_flips_session_status_to_open" time="0.009" /><testcase classname="tests.test_gift_cards" name="test_gen_gift_code_format" time="0.001" /><testcase classname="tests.test_gift_cards" name="test_normalize_code_strips_whitespace_and_uppercases" time="0.001" /><testcase classname="tests.test_gift_cards" name="test_redeem_gift_card_partial_and_depletion" time="0.071" /><testcase classname="tests.test_gift_cards" name="test_redeem_rejects_wrong_currency" time="0.004" /><testcase classname="tests.test_gift_cards" name="test_finalize_purchase_activates_pending_card" time="0.013" /><testcase classname="tests.test_gift_cards" name="test_booking_hold_applies_gift_card_amount" time="0.020" /><testcase classname="tests.test_bundles" name="test_create_bundle_rejects_foreign_events" time="0.006" /><testcase classname="tests.test_bundles" name="test_create_and_get_bundle_computes_savings" time="0.008" /><testcase classname="tests.test_bundles" name="test_finalize_purchase_creates_bookings_per_event" time="0.072" /><testcase classname="tests.test_organizer_referrals" name="test_ref_code_is_deterministic" time="0.001" /><testcase classname="tests.test_organizer_referrals" name="test_referral_credit_grants_on_first_approval_and_is_idempotent" time="0.046" /><testcase classname="tests.test_organizer_referrals" name="test_no_credit_when_user_was_not_referred" time="0.007" /></testsuite></testsuites>