<?xml version="1.0" encoding="utf-8"?><testsuites name="pytest tests"><testsuite name="pytest" errors="0" failures="0" skipped="0" tests="5" time="0.755" timestamp="2026-06-29T04:39:59.934595+00:00" hostname="agent-env-4f48749b-c8de-40e4-9e5b-44b0f2c0aeda"><testcase classname="tests.test_admin_stripe_connect_status" name="test_status_endpoint_returns_correct_shape" time="0.308" /><testcase classname="tests.test_admin_stripe_connect_status" name="test_status_sorted_by_revenue_desc" time="0.070" /><testcase classname="tests.test_admin_stripe_connect_status" name="test_status_blocks_non_admin" time="0.241" /><testcase classname="tests.test_admin_stripe_connect_status" name="test_remind_blocks_non_admin" time="0.004" /><testcase classname="tests.test_admin_stripe_connect_status" name="test_remind_empty_target_returns_zero" time="0.005" /></testsuite></testsuites>