<?xml version="1.0" encoding="utf-8"?><testsuites name="pytest tests"><testsuite name="pytest" errors="0" failures="0" skipped="0" tests="24" time="4.512" timestamp="2026-06-29T00:54:36.568196+00:00" hostname="agent-env-4f48749b-c8de-40e4-9e5b-44b0f2c0aeda"><testcase classname="tests.test_stripe_destination_charges.TestShouldUseDestinationCharge" name="test_happy_path_organizer_with_connect" time="0.001" /><testcase classname="tests.test_stripe_destination_charges.TestShouldUseDestinationCharge" name="test_no_organizer" time="0.000" /><testcase classname="tests.test_stripe_destination_charges.TestShouldUseDestinationCharge" name="test_organizer_without_stripe_account" time="0.000" /><testcase classname="tests.test_stripe_destination_charges.TestShouldUseDestinationCharge" name="test_organizer_charges_not_enabled" time="0.000" /><testcase classname="tests.test_stripe_destination_charges.TestShouldUseDestinationCharge" name="test_gift_card_redemption_uses_legacy" time="0.000" /><testcase classname="tests.test_stripe_destination_charges.TestShouldUseDestinationCharge" name="test_no_stripe_api_key" time="0.000" /><testcase classname="tests.test_stripe_destination_charges.TestShouldUseDestinationCharge" name="test_free_or_zero_amount_booking" time="0.000" /><testcase classname="tests.test_stripe_destination_charges.TestShouldUseDestinationCharge" name="test_face_value_greater_than_amount_bails" time="0.000" /><testcase classname="tests.test_stripe_destination_charges.TestApplicationFeeMath" name="test_exclusive_mode_25_ticket" time="0.000" /><testcase classname="tests.test_stripe_destination_charges.TestApplicationFeeMath" name="test_absorb_fees_mode" time="0.000" /><testcase classname="tests.test_stripe_destination_charges.TestApplicationFeeMath" name="test_with_protection_surcharge" time="0.000" /><testcase classname="tests.test_stripe_destination_charges.TestApplicationFeeMath" name="test_floors_to_zero_when_face_exceeds_amount" time="0.001" /><testcase classname="tests.test_stripe_destination_charges.TestApplicationFeeMath" name="test_rounds_half_up" time="0.000" /><testcase classname="tests.test_stripe_destination_charges.TestPayoutEligibility" name="test_destination_charge_bookings_excluded" time="0.002" /><testcase classname="tests.test_stripe_destination_charges.TestPayoutEligibility" name="test_legacy_bookings_still_eligible" time="0.002" /><testcase classname="tests.test_iter25_phase_b_integration.TestSmoke" name="test_payments_mode_public" time="0.209" /><testcase classname="tests.test_iter25_phase_b_integration.TestSmoke" name="test_payments_health_admin" time="0.518" /><testcase classname="tests.test_iter25_phase_b_integration.TestSmoke" name="test_payments_health_blocks_non_admin" time="0.451" /><testcase classname="tests.test_iter25_phase_b_integration.TestPublicFeeSettings" name="test_fees_public_settings_1pct_50c" time="0.111" /><testcase classname="tests.test_iter25_phase_b_integration.TestLegacyCheckout" name="test_legacy_checkout_no_destination_charge_flag" time="0.626" /><testcase classname="tests.test_iter25_phase_b_integration.TestDestinationChargeFallback" name="test_fake_acct_id_falls_back_to_legacy" time="0.872" /><testcase classname="tests.test_iter25_phase_b_integration.TestPayoutsBalanceExclusion" name="test_destination_charge_booking_excluded_from_balance" time="0.799" /><testcase classname="tests.test_iter25_phase_b_integration.TestAdminRevenue" name="test_admin_revenue_breakdown" time="0.118" /><testcase classname="tests.test_iter25_phase_b_integration.TestPlatformSettingsDoc" name="test_platform_settings_db_has_user_rates" time="0.001" /></testsuite></testsuites>