<?xml version="1.0" encoding="utf-8"?><testsuites name="pytest tests"><testsuite name="pytest" errors="0" failures="0" skipped="0" tests="9" time="4.238" timestamp="2026-06-29T00:54:10.409122+00:00" hostname="agent-env-4f48749b-c8de-40e4-9e5b-44b0f2c0aeda"><testcase classname="tests.test_iter25_phase_b_integration.TestSmoke" name="test_payments_mode_public" time="0.189" /><testcase classname="tests.test_iter25_phase_b_integration.TestSmoke" name="test_payments_health_admin" time="0.509" /><testcase classname="tests.test_iter25_phase_b_integration.TestSmoke" name="test_payments_health_blocks_non_admin" time="0.471" /><testcase classname="tests.test_iter25_phase_b_integration.TestPublicFeeSettings" name="test_fees_public_settings_1pct_50c" time="0.120" /><testcase classname="tests.test_iter25_phase_b_integration.TestLegacyCheckout" name="test_legacy_checkout_no_destination_charge_flag" time="0.930" /><testcase classname="tests.test_iter25_phase_b_integration.TestDestinationChargeFallback" name="test_fake_acct_id_falls_back_to_legacy" time="0.985" /><testcase classname="tests.test_iter25_phase_b_integration.TestPayoutsBalanceExclusion" name="test_destination_charge_booking_excluded_from_balance" time="0.753" /><testcase classname="tests.test_iter25_phase_b_integration.TestAdminRevenue" name="test_admin_revenue_breakdown" time="0.123" /><testcase classname="tests.test_iter25_phase_b_integration.TestPlatformSettingsDoc" name="test_platform_settings_db_has_user_rates" time="0.002" /></testsuite></testsuites>