<?xml version="1.0" encoding="utf-8"?><testsuites name="pytest tests"><testsuite name="pytest" errors="0" failures="0" skipped="0" tests="10" time="13.929" timestamp="2026-06-29T07:00:19.408024+00:00" hostname="agent-env-4f48749b-c8de-40e4-9e5b-44b0f2c0aeda"><testcase classname="tests.test_iter27_flyer_style_and_widgets" name="test_flyer_generate_text_accepts_style[punchy]" time="2.965" /><testcase classname="tests.test_iter27_flyer_style_and_widgets" name="test_flyer_generate_text_accepts_style[elegant]" time="1.878" /><testcase classname="tests.test_iter27_flyer_style_and_widgets" name="test_flyer_generate_text_accepts_style[mysterious]" time="4.847" /><testcase classname="tests.test_iter27_flyer_style_and_widgets" name="test_flyer_generate_text_accepts_style[default]" time="3.467" /><testcase classname="tests.test_iter27_flyer_style_and_widgets" name="test_flyer_generate_text_attendee_forbidden" time="0.248" /><testcase classname="tests.test_iter27_flyer_style_and_widgets" name="test_unsubscribe_reasons_admin_only" time="0.005" /><testcase classname="tests.test_iter27_flyer_style_and_widgets" name="test_unsubscribe_reasons_returns_shape" time="0.265" /><testcase classname="tests.test_iter27_flyer_style_and_widgets" name="test_partner_apply_no_auth_required" time="0.009" /><testcase classname="tests.test_iter27_flyer_style_and_widgets" name="test_admin_partner_applications_lists_with_summary" time="0.011" /><testcase classname="tests.test_iter27_flyer_style_and_widgets" name="test_admin_partner_applications_forbidden_for_attendee" time="0.006" /></testsuite></testsuites>