<?xml version="1.0" encoding="utf-8"?><testsuites name="pytest tests"><testsuite name="pytest" errors="0" failures="0" skipped="0" tests="6" time="55.804" timestamp="2026-06-24T01:47:00.929684+00:00" hostname="agent-env-4f48749b-c8de-40e4-9e5b-44b0f2c0aeda"><testcase classname="backend.tests.test_flyer_ai" name="test_unauthenticated_returns_401" time="0.258" /><testcase classname="backend.tests.test_flyer_ai" name="test_non_owner_non_admin_returns_403" time="0.327" /><testcase classname="backend.tests.test_flyer_ai" name="test_admin_happy_path_returns_valid_payload" time="9.069" /><testcase classname="backend.tests.test_flyer_ai" name="test_robustness_10x_at_least_9_succeed" time="42.078" /><testcase classname="backend.tests.test_flyer_ai" name="test_quality_fields_normalized" time="3.947" /><testcase classname="backend.tests.test_flyer_ai" name="test_emergent_llm_key_format" time="0.001" /></testsuite></testsuites>