<?xml version="1.0" encoding="utf-8"?><testsuites name="pytest tests"><testsuite name="pytest" errors="0" failures="0" skipped="0" tests="7" time="0.995" timestamp="2026-06-29T06:59:23.380685+00:00" hostname="agent-env-4f48749b-c8de-40e4-9e5b-44b0f2c0aeda"><testcase classname="tests.test_partner_applications" name="test_public_submit_creates_application" time="0.259" /><testcase classname="tests.test_partner_applications" name="test_short_why_rejected_via_validation" time="0.005" /><testcase classname="tests.test_partner_applications" name="test_duplicate_pending_updates_in_place" time="0.032" /><testcase classname="tests.test_partner_applications" name="test_approve_flow" time="0.128" /><testcase classname="tests.test_partner_applications" name="test_reject_flow" time="0.096" /><testcase classname="tests.test_partner_applications" name="test_admin_endpoints_blocked_for_non_admin" time="0.352" /><testcase classname="tests.test_partner_applications" name="test_rate_limit_per_ip" time="0.005" /></testsuite></testsuites>