<?xml version="1.0" encoding="utf-8"?><testsuites name="pytest tests"><testsuite name="pytest" errors="0" failures="0" skipped="0" tests="6" time="2.707" timestamp="2026-06-24T06:46:46.217202+00:00" hostname="agent-env-4f48749b-c8de-40e4-9e5b-44b0f2c0aeda"><testcase classname="backend.tests.test_event_enddate" name="test_existing_event_get_no_end_date" time="0.308" /><testcase classname="backend.tests.test_event_enddate" name="test_create_event_with_end_date_persists" time="0.655" /><testcase classname="backend.tests.test_event_enddate" name="test_create_event_without_end_date" time="0.151" /><testcase classname="backend.tests.test_event_enddate" name="test_patch_end_date_as_owner" time="0.288" /><testcase classname="backend.tests.test_event_enddate" name="test_patch_end_date_as_attendee_forbidden" time="0.545" /><testcase classname="backend.tests.test_event_enddate" name="test_patch_end_date_as_admin" time="0.636" /></testsuite></testsuites>