<?xml version="1.0" encoding="utf-8"?><testsuites name="pytest tests"><testsuite name="pytest" errors="0" failures="0" skipped="0" tests="9" time="2.614" timestamp="2026-06-23T21:37:49.708101+00:00" hostname="agent-env-4f48749b-c8de-40e4-9e5b-44b0f2c0aeda"><testcase classname="backend.tests.test_fees_public_settings.TestPublicFeeSettings" name="test_endpoint_is_public_no_auth" time="0.304" /><testcase classname="backend.tests.test_fees_public_settings.TestPublicFeeSettings" name="test_default_state_5pct_030" time="1.044" /><testcase classname="backend.tests.test_fees_public_settings.TestPublicFeeSettings" name="test_admin_update_reflects_in_public_endpoint" time="0.532" /><testcase classname="backend.tests.test_fees_public_settings.TestPublicFeeSettings" name="test_restore_5pct" time="0.211" /><testcase classname="backend.tests.test_fees_public_settings.TestFeeMath" name="test_5pct_030_yields_268_on_30" time="0.000" /><testcase classname="backend.tests.test_fees_public_settings.TestFeeMath" name="test_8pct_050_yields_about_381_on_30" time="0.000" /><testcase classname="backend.tests.test_fees_public_settings.TestFeeMath" name="test_backend_compute_fees_matches" time="0.002" /><testcase classname="backend.tests.test_fees_public_settings.TestPublicEventPrivacy" name="test_public_event_loads" time="0.180" /><testcase classname="backend.tests.test_fees_public_settings.TestPublicEventPrivacy" name="test_admin_event_still_exposes_capacity" time="0.060" /></testsuite></testsuites>