<?xml version="1.0" encoding="utf-8"?><testsuites name="pytest tests"><testsuite name="pytest" errors="0" failures="0" skipped="0" tests="8" time="4.702" timestamp="2026-06-29T04:46:12.362856+00:00" hostname="agent-env-4f48749b-c8de-40e4-9e5b-44b0f2c0aeda"><testcase classname="tests.test_admin_stripe_connect_status" name="test_status_endpoint_returns_correct_shape" time="0.305" /><testcase classname="tests.test_admin_stripe_connect_status" name="test_status_sorted_by_revenue_desc" time="0.070" /><testcase classname="tests.test_admin_stripe_connect_status" name="test_status_blocks_non_admin" time="0.241" /><testcase classname="tests.test_admin_stripe_connect_status" name="test_remind_blocks_non_admin" time="0.005" /><testcase classname="tests.test_admin_stripe_connect_status" name="test_remind_empty_target_returns_zero" time="0.006" /><testcase classname="tests.test_iter26_stripe_connect_remind" name="test_targeted_reminder_to_one_organizer" time="3.809" /><testcase classname="tests.test_iter26_stripe_connect_remind" name="test_remind_skips_already_connected_org" time="0.009" /><testcase classname="tests.test_iter26_stripe_connect_remind" name="test_blast_all_matches_summary_not_connected" time="0.126" /></testsuite></testsuites>