<?xml version="1.0" encoding="utf-8"?><testsuites name="pytest tests"><testsuite name="pytest" errors="0" failures="0" skipped="0" tests="26" time="10.907" timestamp="2026-06-22T20:43:34.969576+00:00" hostname="agent-env-4f48749b-c8de-40e4-9e5b-44b0f2c0aeda"><testcase classname="backend.tests.test_marketing_partners_blog.TestMarketingPartner" name="test_01_create_partner" time="0.600" /><testcase classname="backend.tests.test_marketing_partners_blog.TestMarketingPartner" name="test_02_list_partners_initial_state" time="0.141" /><testcase classname="backend.tests.test_marketing_partners_blog.TestMarketingPartner" name="test_03_non_admin_forbidden" time="0.779" /><testcase classname="backend.tests.test_marketing_partners_blog.TestMarketingPartner" name="test_04_attach_organizer" time="0.260" /><testcase classname="backend.tests.test_marketing_partners_blog.TestMarketingPartner" name="test_05_earnings_idempotency_via_mongo" time="0.294" /><testcase classname="backend.tests.test_marketing_partners_blog.TestMarketingPartner" name="test_06_mark_paid_with_no_unpaid" time="0.264" /><testcase classname="backend.tests.test_marketing_partners_blog.TestMarketingPartner" name="test_07_grant_portal_access" time="0.481" /><testcase classname="backend.tests.test_marketing_partners_blog.TestMarketingPartner" name="test_08_portal_user_can_login_and_see_self" time="0.613" /><testcase classname="backend.tests.test_marketing_partners_blog.TestMarketingPartner" name="test_09_acme_partner_self_serve" time="0.605" /><testcase classname="backend.tests.test_marketing_partners_blog.TestMarketingPartner" name="test_10_change_password_roundtrip" time="2.594" /><testcase classname="backend.tests.test_marketing_partners_blog.TestMarketingPartner" name="test_11_detach_organizer" time="0.236" /><testcase classname="backend.tests.test_marketing_partners_blog.TestMarketingPartner" name="test_99_cleanup_partner" time="0.132" /><testcase classname="backend.tests.test_marketing_partners_blog.TestBlog" name="test_01_subscribe_new" time="0.154" /><testcase classname="backend.tests.test_marketing_partners_blog.TestBlog" name="test_02_subscribe_repeat_already" time="0.119" /><testcase classname="backend.tests.test_marketing_partners_blog.TestBlog" name="test_03_unsubscribe" time="0.118" /><testcase classname="backend.tests.test_marketing_partners_blog.TestBlog" name="test_04_resubscribe" time="0.129" /><testcase classname="backend.tests.test_marketing_partners_blog.TestBlog" name="test_05_invalid_email_400" time="0.158" /><testcase classname="backend.tests.test_marketing_partners_blog.TestBlog" name="test_06_admin_create_published_post" time="0.363" /><testcase classname="backend.tests.test_marketing_partners_blog.TestBlog" name="test_07_non_admin_cannot_create" time="0.121" /><testcase classname="backend.tests.test_marketing_partners_blog.TestBlog" name="test_08_notify_subscribers_first_call" time="0.773" /><testcase classname="backend.tests.test_marketing_partners_blog.TestBlog" name="test_09_notify_subscribers_idempotent" time="0.845" /><testcase classname="backend.tests.test_marketing_partners_blog.TestBlog" name="test_10_notify_unpublished_400" time="0.253" /><testcase classname="backend.tests.test_marketing_partners_blog.TestBlog" name="test_11_admin_subscribers_list" time="0.128" /><testcase classname="backend.tests.test_marketing_partners_blog.TestBlog" name="test_12_admin_subscribers_list_non_admin_403" time="0.118" /><testcase classname="backend.tests.test_marketing_partners_blog.TestBlog" name="test_13_admin_delete_subscriber" time="0.122" /><testcase classname="backend.tests.test_marketing_partners_blog.TestBlog" name="test_99_cleanup_blog_posts" time="0.295" /></testsuite></testsuites>