<?xml version="1.0" encoding="utf-8"?><testsuites name="pytest tests"><testsuite name="pytest" errors="0" failures="0" skipped="0" tests="14" time="9.224" timestamp="2026-06-26T07:34:11.940119+00:00" hostname="agent-env-4f48749b-c8de-40e4-9e5b-44b0f2c0aeda"><testcase classname="tests.test_email_attachment_bytes" name="test_normalize_bytes_to_base64_string" time="0.001" /><testcase classname="tests.test_email_attachment_bytes" name="test_normalize_bytearray_to_base64_string" time="0.001" /><testcase classname="tests.test_email_attachment_bytes" name="test_normalize_passthrough_for_base64_string" time="0.001" /><testcase classname="tests.test_email_attachment_bytes" name="test_normalize_passthrough_for_list_of_ints" time="0.000" /><testcase classname="tests.test_email_attachment_bytes" name="test_normalize_drops_unsupported_content" time="0.001" /><testcase classname="tests.test_email_attachment_bytes" name="test_normalize_output_is_json_serialisable" time="0.000" /><testcase classname="tests.test_email_attachment_bytes" name="test_send_template_serialises_bytes_attachment" time="0.005" /><testcase classname="tests.test_email_attachment_bytes" name="test_real_ticket_pdf_passes_through_normaliser" time="0.336" /><testcase classname="tests.test_iter24_email_resend_api" name="test_target_booking_exists_and_is_paid" time="0.167" /><testcase classname="tests.test_iter24_email_resend_api" name="test_admin_resend_booking_returns_200" time="0.497" /><testcase classname="tests.test_iter24_email_resend_api" name="test_email_log_row_was_sent_with_resend_id" time="2.364" /><testcase classname="tests.test_iter24_email_resend_api" name="test_no_new_bytes_serialization_failures" time="3.796" /><testcase classname="tests.test_iter24_email_resend_api" name="test_resend_endpoint_rejects_unknown_booking" time="0.047" /><testcase classname="tests.test_iter24_email_resend_api" name="test_admin_send_test_email_works" time="1.733" /></testsuite></testsuites>