<?xml version="1.0" encoding="utf-8"?><testsuites name="pytest tests"><testsuite name="pytest" errors="0" failures="14" skipped="0" tests="117" time="61.122" timestamp="2026-05-15T06:25:32.705799+00:00" hostname="agent-env-4f48749b-c8de-40e4-9e5b-44b0f2c0aeda"><testcase classname="backend.tests.test_aura_backend.TestHealth" name="test_root" time="0.143" /><testcase classname="backend.tests.test_aura_backend.TestEvents" name="test_list" time="0.128" /><testcase classname="backend.tests.test_aura_backend.TestEvents" name="test_featured" time="0.114" /><testcase classname="backend.tests.test_aura_backend.TestEvents" name="test_categories" time="0.124" /><testcase classname="backend.tests.test_aura_backend.TestEvents" name="test_detail_tier_event" time="0.111" /><testcase classname="backend.tests.test_aura_backend.TestEvents" name="test_detail_seatmap_event" time="0.114" /><testcase classname="backend.tests.test_aura_backend.TestEvents" name="test_detail_404" time="0.107" /><testcase classname="backend.tests.test_aura_backend.TestAuth" name="test_register_and_me" time="0.470" /><testcase classname="backend.tests.test_aura_backend.TestAuth" name="test_login_valid" time="0.355" /><testcase classname="backend.tests.test_aura_backend.TestAuth" name="test_login_invalid" time="0.352" /><testcase classname="backend.tests.test_aura_backend.TestAuth" name="test_me_no_token" time="0.117" /><testcase classname="backend.tests.test_aura_backend.TestAuth" name="test_logout" time="0.458" /><testcase classname="backend.tests.test_aura_backend.TestBookings" name="test_hold_tier_event" time="0.128" /><testcase classname="backend.tests.test_aura_backend.TestBookings" name="test_hold_seatmap_atomic" time="0.233" /><testcase classname="backend.tests.test_aura_backend.TestBookings" name="test_get_booking_owner" time="0.120" /><testcase classname="backend.tests.test_aura_backend.TestBookings" name="test_get_booking_forbidden" time="0.477" /><testcase classname="backend.tests.test_aura_backend.TestBookings" name="test_me_bookings" time="0.126" /><testcase classname="backend.tests.test_aura_backend.TestSeatHoldConcurrency" name="test_two_holds_same_seat" time="0.175" /><testcase classname="backend.tests.test_aura_backend.TestCheckout" name="test_create_session" time="0.670" /><testcase classname="backend.tests.test_aura_backend.TestCheckout" name="test_status_poll" time="0.293" /><testcase classname="backend.tests.test_aura_backend.TestOrganizer" name="test_attendee_cannot_create_event" time="0.120" /><testcase classname="backend.tests.test_aura_backend.TestOrganizer" name="test_organizer_can_create_event" time="0.122" /><testcase classname="backend.tests.test_aura_backend.TestOrganizer" name="test_org_events" time="0.144" /><testcase classname="backend.tests.test_aura_backend.TestOrganizer" name="test_org_analytics" time="0.122" /><testcase classname="backend.tests.test_aura_backend.TestOrganizer" name="test_org_forbidden_for_attendee" time="0.115" /><testcase classname="backend.tests.test_aura_backend.TestAdmin" name="test_admin_events" time="0.466" /><testcase classname="backend.tests.test_aura_backend.TestAdmin" name="test_admin_forbidden_for_attendee" time="0.123" /><testcase classname="backend.tests.test_aura_backend.TestAdmin" name="test_admin_approve" time="0.121" /><testcase classname="backend.tests.test_aura_backend.TestAdmin" name="test_admin_feature" time="0.129" /><testcase classname="backend.tests.test_aura_backend.TestAdmin" name="test_admin_reject" time="0.123" /><testcase classname="backend.tests.test_iteration2.TestUploads" name="test_upload_requires_auth" time="0.115" /><testcase classname="backend.tests.test_iteration2.TestUploads" name="test_upload_forbidden_attendee" time="0.458" /><testcase classname="backend.tests.test_iteration2.TestUploads" name="test_upload_bad_extension" time="0.479" /><testcase classname="backend.tests.test_iteration2.TestUploads" name="test_upload_organizer_success_and_serve" time="0.470" /><testcase classname="backend.tests.test_iteration2.TestUploads" name="test_upload_admin_success" time="0.602" /><testcase classname="backend.tests.test_iteration2.TestEventNewFields" name="test_seeded_roast_has_16_aisles" time="0.232" /><testcase classname="backend.tests.test_iteration2.TestEventNewFields" name="test_seeded_hamilton_has_20_aisles" time="0.128" /><testcase classname="backend.tests.test_iteration2.TestEventNewFields" name="test_create_event_with_aisles_and_backdrop" time="0.129" /><testcase classname="backend.tests.test_iteration2.TestAtomicSeatHold" name="test_hold_aisle_rejected" time="0.125" /><testcase classname="backend.tests.test_iteration2.TestAtomicSeatHold" name="test_two_concurrent_holds_one_wins" time="0.196" /><testcase classname="backend.tests.test_iteration2.TestAtomicSeatHold" name="test_duplicate_key_via_db" time="0.254" /><testcase classname="backend.tests.test_iteration2.TestCheckoutResilient" name="test_checkout_session_and_status_no_500" time="0.998" /><testcase classname="backend.tests.test_iteration3.TestUploadIter3Contract" name="test_url_format_is_api_files" time="0.654" /><testcase classname="backend.tests.test_iteration3.TestUploadIter3Contract" name="test_public_serve_no_auth" time="0.259" /><testcase classname="backend.tests.test_iteration3.TestUploadIter3Contract" name="test_files_404_for_unknown_path" time="0.126" /><testcase classname="backend.tests.test_iteration3.TestDurability" name="test_sanity_upload_from_main_agent_still_served" time="0.111"><failure message="AssertionError: {&quot;detail&quot;:&quot;File not found&quot;}&#10;assert 404 == 200&#10; +  where 404 = &lt;Response [404]&gt;.status_code">E   AssertionError: {"detail":"File not found"}
    assert 404 == 200
     +  where 404 = &lt;Response [404]&gt;.status_code</failure></testcase><testcase classname="backend.tests.test_iteration3.TestDurability" name="test_re_upload_then_fetch" time="0.525" /><testcase classname="backend.tests.test_iteration3.TestExtensionAllowlist" name="test_gif_rejected" time="0.132" /><testcase classname="backend.tests.test_iteration3.TestExtensionAllowlist" name="test_jpeg_allowed" time="0.346" /><testcase classname="backend.tests.test_iteration3.TestExtensionAllowlist" name="test_webp_allowed" time="0.230" /><testcase classname="backend.tests.test_iteration3.TestExtensionAllowlist" name="test_exe_rejected" time="0.118" /><testcase classname="backend.tests.test_iteration3.TestUploadAuthZ" name="test_no_auth_401" time="0.107" /><testcase classname="backend.tests.test_iteration3.TestUploadAuthZ" name="test_attendee_403" time="0.464" /><testcase classname="backend.tests.test_iteration3.TestUploadAuthZ" name="test_admin_ok" time="0.604" /><testcase classname="backend.tests.test_iteration3.TestCreateEventWithCover" name="test_organizer_creates_event_with_uploaded_cover" time="0.676" /><testcase classname="backend.tests.test_iteration4.TestEventAnalyticsDrilldown" name="test_schema_and_values_for_demo_event" time="0.514"><failure message="AssertionError: {&quot;detail&quot;:&quot;Event not found&quot;}&#10;assert 404 == 200&#10; +  where 404 = &lt;Response [404]&gt;.status_code">E   AssertionError: {"detail":"Event not found"}
    assert 404 == 200
     +  where 404 = &lt;Response [404]&gt;.status_code</failure></testcase><testcase classname="backend.tests.test_iteration4.TestEventAnalyticsDrilldown" name="test_admin_can_view_any_event" time="0.475"><failure message="assert 404 == 200&#10; +  where 404 = &lt;Response [404]&gt;.status_code">E   assert 404 == 200
     +  where 404 = &lt;Response [404]&gt;.status_code</failure></testcase><testcase classname="backend.tests.test_iteration4.TestEventAnalyticsDrilldown" name="test_404_for_unknown_event" time="0.124" /><testcase classname="backend.tests.test_iteration4.TestEventAnalyticsDrilldown" name="test_403_for_attendee" time="0.478" /><testcase classname="backend.tests.test_iteration4.TestEventAnalyticsDrilldown" name="test_401_no_auth" time="0.119" /><testcase classname="backend.tests.test_iteration4.TestEventAnalyticsDrilldown" name="test_403_for_non_owner_organizer" time="0.246" /><testcase classname="backend.tests.test_iteration4.TestAttendeesCsv" name="test_csv_headers_and_content" time="0.151"><failure message="AssertionError: {&quot;detail&quot;:&quot;Event not found&quot;}&#10;assert 404 == 200&#10; +  where 404 = &lt;Response [404]&gt;.status_code">E   AssertionError: {"detail":"Event not found"}
    assert 404 == 200
     +  where 404 = &lt;Response [404]&gt;.status_code</failure></testcase><testcase classname="backend.tests.test_iteration4.TestAttendeesCsv" name="test_admin_can_export" time="0.119"><failure message="assert 404 == 200&#10; +  where 404 = &lt;Response [404]&gt;.status_code">E   assert 404 == 200
     +  where 404 = &lt;Response [404]&gt;.status_code</failure></testcase><testcase classname="backend.tests.test_iteration4.TestAttendeesCsv" name="test_csv_404_unknown_event" time="0.117" /><testcase classname="backend.tests.test_iteration4.TestAttendeesCsv" name="test_csv_403_attendee" time="0.109" /><testcase classname="backend.tests.test_iteration4.TestFilesETag" name="test_etag_and_304" time="0.611" /><testcase classname="backend.tests.test_iteration4.TestFilesETag" name="test_mismatched_etag_returns_200" time="0.466" /><testcase classname="backend.tests.test_iteration4.TestRouterStructureSmoke" name="test_root" time="0.120" /><testcase classname="backend.tests.test_iteration4.TestRouterStructureSmoke" name="test_events_list" time="0.121" /><testcase classname="backend.tests.test_iteration4.TestRouterStructureSmoke" name="test_events_featured" time="0.117" /><testcase classname="backend.tests.test_iteration4.TestRouterStructureSmoke" name="test_categories" time="0.112" /><testcase classname="backend.tests.test_iteration4.TestRouterStructureSmoke" name="test_auth_me" time="0.109" /><testcase classname="backend.tests.test_iteration4.TestRouterStructureSmoke" name="test_organizer_events" time="0.129" /><testcase classname="backend.tests.test_iteration4.TestRouterStructureSmoke" name="test_organizer_aggregate_analytics" time="0.117" /><testcase classname="backend.tests.test_iteration4.TestRouterStructureSmoke" name="test_admin_events_list" time="0.123" /><testcase classname="backend.tests.test_iteration5.TestCreateCode" name="test_create_percent_code" time="0.631" /><testcase classname="backend.tests.test_iteration5.TestCreateCode" name="test_create_flat_code" time="0.258" /><testcase classname="backend.tests.test_iteration5.TestCreateCode" name="test_invalid_code_format" time="0.140" /><testcase classname="backend.tests.test_iteration5.TestCreateCode" name="test_invalid_kind" time="0.109" /><testcase classname="backend.tests.test_iteration5.TestCreateCode" name="test_percent_over_100" time="0.119" /><testcase classname="backend.tests.test_iteration5.TestCreateCode" name="test_value_must_be_positive" time="0.112" /><testcase classname="backend.tests.test_iteration5.TestCreateCode" name="test_duplicate_code_409" time="0.367" /><testcase classname="backend.tests.test_iteration5.TestCreateCode" name="test_requires_auth" time="0.117" /><testcase classname="backend.tests.test_iteration5.TestListDelete" name="test_list_includes_seeded_codes" time="0.127"><failure message="AssertionError: assert 'STAFF50' in {'AURA20', 'CC23F5A6', 'CC337EFD', 'DELA2E4A6', 'DELE32975', 'DUP266756', ...}">E   AssertionError: assert 'STAFF50' in {'AURA20', 'CC23F5A6', 'CC337EFD', 'DELA2E4A6', 'DELE32975', 'DUP266756', ...}</failure></testcase><testcase classname="backend.tests.test_iteration5.TestListDelete" name="test_seeded_aura20_stats" time="0.127"><failure message="assert 0 &gt;= 1">E   assert 0 &gt;= 1</failure></testcase><testcase classname="backend.tests.test_iteration5.TestListDelete" name="test_delete_marks_inactive" time="0.368" /><testcase classname="backend.tests.test_iteration5.TestListDelete" name="test_delete_not_owner_forbidden" time="0.700" /><testcase classname="backend.tests.test_iteration5.TestValidate" name="test_validate_percent_no_auth_needed" time="0.114"><failure message="AssertionError: {&quot;detail&quot;:&quot;Code not found or inactive&quot;}&#10;assert 404 == 200&#10; +  where 404 = &lt;Response [404]&gt;.status_code">E   AssertionError: {"detail":"Code not found or inactive"}
    assert 404 == 200
     +  where 404 = &lt;Response [404]&gt;.status_code</failure></testcase><testcase classname="backend.tests.test_iteration5.TestValidate" name="test_validate_not_found" time="0.128" /><testcase classname="backend.tests.test_iteration5.TestValidate" name="test_validate_case_insensitive" time="0.109"><failure message="assert 404 == 200&#10; +  where 404 = &lt;Response [404]&gt;.status_code">E   assert 404 == 200
     +  where 404 = &lt;Response [404]&gt;.status_code</failure></testcase><testcase classname="backend.tests.test_iteration5.TestApplyAtHold" name="test_hold_with_code_records_discount" time="0.142"><failure message="KeyError: 'tiers'">E   KeyError: 'tiers'</failure></testcase><testcase classname="backend.tests.test_iteration5.TestApplyAtHold" name="test_hold_without_code_has_zero_discount" time="0.112"><failure message="KeyError: 'tiers'">E   KeyError: 'tiers'</failure></testcase><testcase classname="backend.tests.test_iteration5.TestConcurrentMaxUses" name="test_max_uses_2_three_concurrent_one_409" time="0.227"><failure message="KeyError: 'tiers'">E   KeyError: 'tiers'</failure></testcase><testcase classname="backend.tests.test_iteration5.TestDrilldownCodes" name="test_drilldown_codes_bucket_present" time="0.141"><failure message="AssertionError: {&quot;detail&quot;:&quot;Event not found&quot;}&#10;assert 404 == 200&#10; +  where 404 = &lt;Response [404]&gt;.status_code">E   AssertionError: {"detail":"Event not found"}
    assert 404 == 200
     +  where 404 = &lt;Response [404]&gt;.status_code</failure></testcase><testcase classname="backend.tests.test_iteration5.TestDrilldownCodes" name="test_drilldown_codes_includes_seeded" time="0.117"><failure message="KeyError: 'codes'">E   KeyError: 'codes'</failure></testcase><testcase classname="backend.tests.test_iteration7.TestMoviesCategory" name="test_categories_includes_movies_first" time="0.111" /><testcase classname="backend.tests.test_iteration7.TestMoviesCategory" name="test_movies_events_seeded_with_seatmap" time="0.341" /><testcase classname="backend.tests.test_iteration7.TestAdminAuthGating" name="test_users_list_requires_admin_role_403_for_attendee" time="0.457" /><testcase classname="backend.tests.test_iteration7.TestAdminAuthGating" name="test_users_list_requires_admin_role_403_for_organizer" time="0.453" /><testcase classname="backend.tests.test_iteration7.TestAdminAuthGating" name="test_users_stats_403_for_non_admin" time="0.118" /><testcase classname="backend.tests.test_iteration7.TestAdminAuthGating" name="test_users_list_no_auth_401" time="0.122" /><testcase classname="backend.tests.test_iteration7.TestAdminUserList" name="test_list_users" time="0.513" /><testcase classname="backend.tests.test_iteration7.TestAdminUserList" name="test_attendee_bookings_count_positive" time="0.147" /><testcase classname="backend.tests.test_iteration7.TestAdminUserList" name="test_search_by_q" time="0.119" /><testcase classname="backend.tests.test_iteration7.TestAdminUserList" name="test_filter_by_role_organizer" time="0.136" /><testcase classname="backend.tests.test_iteration7.TestAdminUserList" name="test_filter_active_true_includes_legacy" time="0.151" /><testcase classname="backend.tests.test_iteration7.TestAdminUserList" name="test_filter_active_false" time="0.117" /><testcase classname="backend.tests.test_iteration7.TestAdminUserList" name="test_user_stats" time="0.181" /><testcase classname="backend.tests.test_iteration7.TestRoleChange" name="test_change_role_valid" time="0.584" /><testcase classname="backend.tests.test_iteration7.TestRoleChange" name="test_change_role_invalid_400" time="0.467" /><testcase classname="backend.tests.test_iteration7.TestRoleChange" name="test_change_role_self_demote_400" time="0.113" /><testcase classname="backend.tests.test_iteration7.TestRoleChange" name="test_change_role_unknown_user_404" time="0.113" /><testcase classname="backend.tests.test_iteration7.TestSuspendLifecycle" name="test_suspend_blocks_login_and_old_token_then_unsuspend" time="31.922" /><testcase classname="backend.tests.test_iteration7.TestSuspendLifecycle" name="test_suspend_self_400" time="0.113" /><testcase classname="backend.tests.test_iteration7.TestSuspendLifecycle" name="test_suspend_unknown_404" time="0.132" /><testcase classname="backend.tests.test_iteration7.TestLegacyAdminLogin" name="test_seed_admin_login" time="0.373" /><testcase classname="backend.tests.test_iteration7.TestLegacyAdminLogin" name="test_seed_organizer_login" time="0.359" /></testsuite></testsuites>