<?xml version="1.0" encoding="utf-8"?><testsuites name="pytest tests"><testsuite name="pytest" errors="0" failures="1" skipped="0" tests="16" time="5.604" timestamp="2026-05-15T06:59:18.592053+00:00" hostname="agent-env-4f48749b-c8de-40e4-9e5b-44b0f2c0aeda"><testcase classname="backend.tests.test_iteration8.TestCheckinCore" name="test_checkin_with_qr_payload_marks_paid" time="1.211" /><testcase classname="backend.tests.test_iteration8.TestCheckinCore" name="test_checkin_idempotent_second_call" time="0.441"><failure message="AssertionError: assert '2026-05-15T0....354661+00:00' == '2026-05-15T0....355574+00:00'&#10;  &#10;  - 2026-05-15T06:59:20.355574+00:00&#10;  ?                       ---&#10;  + 2026-05-15T06:59:20.354661+00:00&#10;  ?                        +++">backend/tests/test_iteration8.py:144: in test_checkin_idempotent_second_call
    assert r2.json()["booking"]["checked_in_at"] == t1
E   AssertionError: assert '2026-05-15T0....354661+00:00' == '2026-05-15T0....355574+00:00'
E     
E     - 2026-05-15T06:59:20.355574+00:00
E     ?                       ---
E     + 2026-05-15T06:59:20.354661+00:00
E     ?                        +++</failure></testcase><testcase classname="backend.tests.test_iteration8.TestCheckinCore" name="test_checkin_with_booking_id_direct" time="0.255" /><testcase classname="backend.tests.test_iteration8.TestCheckinValidation" name="test_invalid_qr_string_400" time="0.136" /><testcase classname="backend.tests.test_iteration8.TestCheckinValidation" name="test_empty_qr_and_no_booking_id_400" time="0.148" /><testcase classname="backend.tests.test_iteration8.TestCheckinValidation" name="test_different_event_400" time="0.421" /><testcase classname="backend.tests.test_iteration8.TestCheckinValidation" name="test_pending_unpaid_400" time="0.283" /><testcase classname="backend.tests.test_iteration8.TestCheckinValidation" name="test_non_existent_booking_404" time="0.120" /><testcase classname="backend.tests.test_iteration8.TestCheckinAuthZ" name="test_attendee_role_403" time="0.114" /><testcase classname="backend.tests.test_iteration8.TestCheckinAuthZ" name="test_other_organizer_403" time="0.473" /><testcase classname="backend.tests.test_iteration8.TestCheckinStats" name="test_stats_shape" time="0.379" /><testcase classname="backend.tests.test_iteration8.TestCheckinStats" name="test_stats_non_owner_403" time="0.122" /><testcase classname="backend.tests.test_iteration8.TestCheckinUndo" name="test_undo_reverses_checkin" time="0.370" /><testcase classname="backend.tests.test_iteration8.TestCheckinUndo" name="test_undo_non_owner_403" time="0.148" /><testcase classname="backend.tests.test_iteration8.TestAttendanceReport" name="test_csv_columns_and_sort_order" time="0.509" /><testcase classname="backend.tests.test_iteration8.TestAttendanceReport" name="test_report_non_owner_403" time="0.145" /></testsuite></testsuites>