<?xml version="1.0" encoding="utf-8"?><testsuites name="pytest tests"><testsuite name="pytest" errors="0" failures="1" skipped="0" tests="20" time="5.432" timestamp="2026-05-15T06:09:12.509322+00:00" hostname="agent-env-4f48749b-c8de-40e4-9e5b-44b0f2c0aeda"><testcase classname="backend.tests.test_iteration5.TestCreateCode" name="test_create_percent_code" time="0.736" /><testcase classname="backend.tests.test_iteration5.TestCreateCode" name="test_create_flat_code" time="0.256" /><testcase classname="backend.tests.test_iteration5.TestCreateCode" name="test_invalid_code_format" time="0.115" /><testcase classname="backend.tests.test_iteration5.TestCreateCode" name="test_invalid_kind" time="0.128" /><testcase classname="backend.tests.test_iteration5.TestCreateCode" name="test_percent_over_100" time="0.118" /><testcase classname="backend.tests.test_iteration5.TestCreateCode" name="test_value_must_be_positive" time="0.139" /><testcase classname="backend.tests.test_iteration5.TestCreateCode" name="test_duplicate_code_409" time="0.416" /><testcase classname="backend.tests.test_iteration5.TestCreateCode" name="test_requires_auth" time="0.113" /><testcase classname="backend.tests.test_iteration5.TestListDelete" name="test_list_includes_seeded_codes" time="0.122" /><testcase classname="backend.tests.test_iteration5.TestListDelete" name="test_seeded_aura20_stats" time="0.126" /><testcase classname="backend.tests.test_iteration5.TestListDelete" name="test_delete_marks_inactive" time="0.392" /><testcase classname="backend.tests.test_iteration5.TestListDelete" name="test_delete_not_owner_forbidden" time="0.752" /><testcase classname="backend.tests.test_iteration5.TestValidate" name="test_validate_percent_no_auth_needed" time="0.115" /><testcase classname="backend.tests.test_iteration5.TestValidate" name="test_validate_not_found" time="0.118" /><testcase classname="backend.tests.test_iteration5.TestValidate" name="test_validate_case_insensitive" time="0.121" /><testcase classname="backend.tests.test_iteration5.TestApplyAtHold" name="test_hold_with_code_records_discount" time="0.258" /><testcase classname="backend.tests.test_iteration5.TestApplyAtHold" name="test_hold_without_code_has_zero_discount" time="0.236" /><testcase classname="backend.tests.test_iteration5.TestConcurrentMaxUses" name="test_max_uses_2_three_concurrent_one_409" time="0.623"><failure message="AssertionError: expected one 409, got [200, 200, 400]&#10;assert 409 in [200, 200, 400]">backend/tests/test_iteration5.py:314: in test_max_uses_2_three_concurrent_one_409
    assert 409 in statuses, f"expected one 409, got {statuses}"
E   AssertionError: expected one 409, got [200, 200, 400]
E   assert 409 in [200, 200, 400]</failure></testcase><testcase classname="backend.tests.test_iteration5.TestDrilldownCodes" name="test_drilldown_codes_bucket_present" time="0.123" /><testcase classname="backend.tests.test_iteration5.TestDrilldownCodes" name="test_drilldown_codes_includes_seeded" time="0.145" /></testsuite></testsuites>