<?xml version="1.0" encoding="utf-8"?><testsuites name="pytest tests"><testsuite name="pytest" errors="0" failures="1" skipped="0" tests="7" time="2.017" timestamp="2026-05-19T00:32:27.290658+00:00" hostname="agent-env-4f48749b-c8de-40e4-9e5b-44b0f2c0aeda"><testcase classname="backend.tests.test_rebrand_regression" name="test_seeded_allsale_credentials_login[admin@allsale.events-admin123-admin]" time="0.473"><failure message="AssertionError: User 'admin@allsale.events' name still says AURA: 'AURA Admin'&#10;assert 'AURA' not in 'AURA Admin'&#10;  &#10;  'AURA' is contained here:&#10;    AURA Admin&#10;  ? ++++">backend/tests/test_rebrand_regression.py:37: in test_seeded_allsale_credentials_login
    assert "AURA" not in (body.get("name") or ""), f"User '{email}' name still says AURA: {body.get('name')!r}"
E   AssertionError: User 'admin@allsale.events' name still says AURA: 'AURA Admin'
E   assert 'AURA' not in 'AURA Admin'
E     
E     'AURA' is contained here:
E       AURA Admin
E     ? ++++</failure></testcase><testcase classname="backend.tests.test_rebrand_regression" name="test_seeded_allsale_credentials_login[organizer@allsale.events-organizer123-organizer]" time="0.402" /><testcase classname="backend.tests.test_rebrand_regression" name="test_seeded_allsale_credentials_login[attendee@allsale.events-attendee123-attendee]" time="0.357" /><testcase classname="backend.tests.test_rebrand_regression" name="test_legacy_aura_credentials_do_not_exist" time="0.134" /><testcase classname="backend.tests.test_rebrand_regression" name="test_events_listing" time="0.131" /><testcase classname="backend.tests.test_rebrand_regression" name="test_event_detail_endpoint" time="0.272" /><testcase classname="backend.tests.test_rebrand_regression" name="test_email_templates_rebranded" time="0.091" /></testsuite></testsuites>