<?xml version="1.0" encoding="utf-8"?><testsuites name="pytest tests"><testsuite name="pytest" errors="0" failures="1" skipped="0" tests="20" time="5.022" timestamp="2026-05-15T05:26:18.320119+00:00" hostname="agent-env-4f48749b-c8de-40e4-9e5b-44b0f2c0aeda"><testcase classname="backend.tests.test_iteration4.TestEventAnalyticsDrilldown" name="test_schema_and_values_for_demo_event" time="0.606" /><testcase classname="backend.tests.test_iteration4.TestEventAnalyticsDrilldown" name="test_admin_can_view_any_event" time="0.544" /><testcase classname="backend.tests.test_iteration4.TestEventAnalyticsDrilldown" name="test_404_for_unknown_event" time="0.119" /><testcase classname="backend.tests.test_iteration4.TestEventAnalyticsDrilldown" name="test_403_for_attendee" time="0.483" /><testcase classname="backend.tests.test_iteration4.TestEventAnalyticsDrilldown" name="test_401_no_auth" time="0.119" /><testcase classname="backend.tests.test_iteration4.TestEventAnalyticsDrilldown" name="test_403_for_non_owner_organizer" time="0.133"><failure message="AssertionError: {&quot;detail&quot;:[{&quot;type&quot;:&quot;string_type&quot;,&quot;loc&quot;:[&quot;body&quot;,&quot;image_url&quot;],&quot;msg&quot;:&quot;Input should be a valid string&quot;,&quot;input&quot;:null,&quot;url&quot;:&quot;https://errors.pydantic.dev/2.13/v/string_type&quot;}]}&#10;assert 422 == 200&#10; +  where 422 = &lt;Response [422]&gt;.status_code">backend/tests/test_iteration4.py:138: in test_403_for_non_owner_organizer
    assert c.status_code == 200, c.text
E   AssertionError: {"detail":[{"type":"string_type","loc":["body","image_url"],"msg":"Input should be a valid string","input":null,"url":"https://errors.pydantic.dev/2.13/v/string_type"}]}
E   assert 422 == 200
E    +  where 422 = &lt;Response [422]&gt;.status_code</failure></testcase><testcase classname="backend.tests.test_iteration4.TestAttendeesCsv" name="test_csv_headers_and_content" time="0.134" /><testcase classname="backend.tests.test_iteration4.TestAttendeesCsv" name="test_admin_can_export" time="0.158" /><testcase classname="backend.tests.test_iteration4.TestAttendeesCsv" name="test_csv_404_unknown_event" time="0.137" /><testcase classname="backend.tests.test_iteration4.TestAttendeesCsv" name="test_csv_403_attendee" time="0.138" /><testcase classname="backend.tests.test_iteration4.TestFilesETag" name="test_etag_and_304" time="0.662" /><testcase classname="backend.tests.test_iteration4.TestFilesETag" name="test_mismatched_etag_returns_200" time="0.508" /><testcase classname="backend.tests.test_iteration4.TestRouterStructureSmoke" name="test_root" time="0.109" /><testcase classname="backend.tests.test_iteration4.TestRouterStructureSmoke" name="test_events_list" time="0.128" /><testcase classname="backend.tests.test_iteration4.TestRouterStructureSmoke" name="test_events_featured" time="0.130" /><testcase classname="backend.tests.test_iteration4.TestRouterStructureSmoke" name="test_categories" time="0.150" /><testcase classname="backend.tests.test_iteration4.TestRouterStructureSmoke" name="test_auth_me" time="0.132" /><testcase classname="backend.tests.test_iteration4.TestRouterStructureSmoke" name="test_organizer_events" time="0.168" /><testcase classname="backend.tests.test_iteration4.TestRouterStructureSmoke" name="test_organizer_aggregate_analytics" time="0.130" /><testcase classname="backend.tests.test_iteration4.TestRouterStructureSmoke" name="test_admin_events_list" time="0.123" /></testsuite></testsuites>