<?xml version="1.0" encoding="utf-8"?><testsuites name="pytest tests"><testsuite name="pytest" errors="0" failures="0" skipped="0" tests="12" time="4.432" timestamp="2026-05-15T04:40:36.750409+00:00" hostname="agent-env-4f48749b-c8de-40e4-9e5b-44b0f2c0aeda"><testcase classname="backend.tests.test_iteration2.TestUploads" name="test_upload_requires_auth" time="0.230" /><testcase classname="backend.tests.test_iteration2.TestUploads" name="test_upload_forbidden_attendee" time="0.481" /><testcase classname="backend.tests.test_iteration2.TestUploads" name="test_upload_bad_extension" time="0.492" /><testcase classname="backend.tests.test_iteration2.TestUploads" name="test_upload_organizer_success_and_serve" time="0.246" /><testcase classname="backend.tests.test_iteration2.TestUploads" name="test_upload_admin_success" time="0.457" /><testcase classname="backend.tests.test_iteration2.TestEventNewFields" name="test_seeded_roast_has_16_aisles" time="0.272" /><testcase classname="backend.tests.test_iteration2.TestEventNewFields" name="test_seeded_hamilton_has_20_aisles" time="0.121" /><testcase classname="backend.tests.test_iteration2.TestEventNewFields" name="test_create_event_with_aisles_and_backdrop" time="0.113" /><testcase classname="backend.tests.test_iteration2.TestAtomicSeatHold" name="test_hold_aisle_rejected" time="0.119" /><testcase classname="backend.tests.test_iteration2.TestAtomicSeatHold" name="test_two_concurrent_holds_one_wins" time="0.184" /><testcase classname="backend.tests.test_iteration2.TestAtomicSeatHold" name="test_duplicate_key_via_db" time="0.292" /><testcase classname="backend.tests.test_iteration2.TestCheckoutResilient" name="test_checkout_session_and_status_no_500" time="1.254" /></testsuite></testsuites>