<?xml version="1.0" encoding="utf-8"?><testsuites name="pytest tests"><testsuite name="pytest" errors="0" failures="1" skipped="0" tests="42" time="11.240" timestamp="2026-05-15T05:06:30.892557+00:00" hostname="agent-env-4f48749b-c8de-40e4-9e5b-44b0f2c0aeda"><testcase classname="backend.tests.test_aura_backend.TestHealth" name="test_root" time="0.181" /><testcase classname="backend.tests.test_aura_backend.TestEvents" name="test_list" time="0.127" /><testcase classname="backend.tests.test_aura_backend.TestEvents" name="test_featured" time="0.130" /><testcase classname="backend.tests.test_aura_backend.TestEvents" name="test_categories" time="0.120" /><testcase classname="backend.tests.test_aura_backend.TestEvents" name="test_detail_tier_event" time="0.157" /><testcase classname="backend.tests.test_aura_backend.TestEvents" name="test_detail_seatmap_event" time="0.170" /><testcase classname="backend.tests.test_aura_backend.TestEvents" name="test_detail_404" time="0.162" /><testcase classname="backend.tests.test_aura_backend.TestAuth" name="test_register_and_me" time="0.530" /><testcase classname="backend.tests.test_aura_backend.TestAuth" name="test_login_valid" time="0.395" /><testcase classname="backend.tests.test_aura_backend.TestAuth" name="test_login_invalid" time="0.368" /><testcase classname="backend.tests.test_aura_backend.TestAuth" name="test_me_no_token" time="0.131" /><testcase classname="backend.tests.test_aura_backend.TestAuth" name="test_logout" time="0.479" /><testcase classname="backend.tests.test_aura_backend.TestBookings" name="test_hold_tier_event" time="0.139" /><testcase classname="backend.tests.test_aura_backend.TestBookings" name="test_hold_seatmap_atomic" time="0.258" /><testcase classname="backend.tests.test_aura_backend.TestBookings" name="test_get_booking_owner" time="0.129" /><testcase classname="backend.tests.test_aura_backend.TestBookings" name="test_get_booking_forbidden" time="0.473" /><testcase classname="backend.tests.test_aura_backend.TestBookings" name="test_me_bookings" time="0.130" /><testcase classname="backend.tests.test_aura_backend.TestSeatHoldConcurrency" name="test_two_holds_same_seat" time="0.162" /><testcase classname="backend.tests.test_aura_backend.TestCheckout" name="test_create_session" time="0.681" /><testcase classname="backend.tests.test_aura_backend.TestCheckout" name="test_status_poll" time="0.309" /><testcase classname="backend.tests.test_aura_backend.TestOrganizer" name="test_attendee_cannot_create_event" time="0.162" /><testcase classname="backend.tests.test_aura_backend.TestOrganizer" name="test_organizer_can_create_event" time="0.120" /><testcase classname="backend.tests.test_aura_backend.TestOrganizer" name="test_org_events" time="0.120" /><testcase classname="backend.tests.test_aura_backend.TestOrganizer" name="test_org_analytics" time="0.125" /><testcase classname="backend.tests.test_aura_backend.TestOrganizer" name="test_org_forbidden_for_attendee" time="0.122" /><testcase classname="backend.tests.test_aura_backend.TestAdmin" name="test_admin_events" time="0.477" /><testcase classname="backend.tests.test_aura_backend.TestAdmin" name="test_admin_forbidden_for_attendee" time="0.130" /><testcase classname="backend.tests.test_aura_backend.TestAdmin" name="test_admin_approve" time="0.155" /><testcase classname="backend.tests.test_aura_backend.TestAdmin" name="test_admin_feature" time="0.143" /><testcase classname="backend.tests.test_aura_backend.TestAdmin" name="test_admin_reject" time="0.139" /><testcase classname="backend.tests.test_iteration2.TestUploads" name="test_upload_requires_auth" time="0.119" /><testcase classname="backend.tests.test_iteration2.TestUploads" name="test_upload_forbidden_attendee" time="0.483" /><testcase classname="backend.tests.test_iteration2.TestUploads" name="test_upload_bad_extension" time="0.468" /><testcase classname="backend.tests.test_iteration2.TestUploads" name="test_upload_organizer_success_and_serve" time="0.251"><failure message="AssertionError: assert False&#10; +  where False = &lt;built-in method startswith of str object at 0xfc24de45b990&gt;('/api/uploads/')&#10; +    where &lt;built-in method startswith of str object at 0xfc24de45b990&gt; = '/api/files/aura-tickets/uploads/user_926930bed59d/5ed579fe49c5447686290b1c4136bc89.png'.startswith">backend/tests/test_iteration2.py:81: in test_upload_organizer_success_and_serve
    assert body["url"].startswith("/api/uploads/")
E   AssertionError: assert False
E    +  where False = &lt;built-in method startswith of str object at 0xfc24de45b990&gt;('/api/uploads/')
E    +    where &lt;built-in method startswith of str object at 0xfc24de45b990&gt; = '/api/files/aura-tickets/uploads/user_926930bed59d/5ed579fe49c5447686290b1c4136bc89.png'.startswith</failure></testcase><testcase classname="backend.tests.test_iteration2.TestUploads" name="test_upload_admin_success" time="0.655" /><testcase classname="backend.tests.test_iteration2.TestEventNewFields" name="test_seeded_roast_has_16_aisles" time="0.255" /><testcase classname="backend.tests.test_iteration2.TestEventNewFields" name="test_seeded_hamilton_has_20_aisles" time="0.121" /><testcase classname="backend.tests.test_iteration2.TestEventNewFields" name="test_create_event_with_aisles_and_backdrop" time="0.127" /><testcase classname="backend.tests.test_iteration2.TestAtomicSeatHold" name="test_hold_aisle_rejected" time="0.121" /><testcase classname="backend.tests.test_iteration2.TestAtomicSeatHold" name="test_two_concurrent_holds_one_wins" time="0.216" /><testcase classname="backend.tests.test_iteration2.TestAtomicSeatHold" name="test_duplicate_key_via_db" time="0.258" /><testcase classname="backend.tests.test_iteration2.TestCheckoutResilient" name="test_checkout_session_and_status_no_500" time="1.038" /></testsuite></testsuites>