<?xml version="1.0" encoding="utf-8"?><testsuites name="pytest tests"><testsuite name="pytest" errors="0" failures="0" skipped="0" tests="9" time="3.542" timestamp="2026-05-19T00:31:06.833725+00:00" hostname="agent-env-4f48749b-c8de-40e4-9e5b-44b0f2c0aeda"><testcase classname="backend.tests.test_iteration17_demand_velocity" name="test_view_endpoint_works_anonymously" time="0.248" /><testcase classname="backend.tests.test_iteration17_demand_velocity" name="test_view_endpoint_works_authenticated" time="0.548" /><testcase classname="backend.tests.test_iteration17_demand_velocity" name="test_view_404_for_unknown_event" time="0.133" /><testcase classname="backend.tests.test_iteration17_demand_velocity" name="test_demand_endpoint_returns_7_buckets" time="0.557" /><testcase classname="backend.tests.test_iteration17_demand_velocity" name="test_demand_includes_bookings" time="0.127" /><testcase classname="backend.tests.test_iteration17_demand_velocity" name="test_velocity_returns_metrics" time="0.497" /><testcase classname="backend.tests.test_iteration17_demand_velocity" name="test_velocity_no_sales_returns_label" time="0.513" /><testcase classname="backend.tests.test_iteration17_demand_velocity" name="test_velocity_requires_organizer" time="0.157" /><testcase classname="backend.tests.test_iteration17_demand_velocity" name="test_velocity_blocks_other_organizers" time="0.503" /></testsuite></testsuites>