<?xml version="1.0" encoding="utf-8"?><testsuites name="pytest tests"><testsuite name="pytest" errors="0" failures="0" skipped="0" tests="13" time="4.412" timestamp="2026-05-15T05:08:14.523050+00:00" hostname="agent-env-4f48749b-c8de-40e4-9e5b-44b0f2c0aeda"><testcase classname="backend.tests.test_iteration3.TestUploadIter3Contract" name="test_url_format_is_api_files" time="0.681" /><testcase classname="backend.tests.test_iteration3.TestUploadIter3Contract" name="test_public_serve_no_auth" time="0.238" /><testcase classname="backend.tests.test_iteration3.TestUploadIter3Contract" name="test_files_404_for_unknown_path" time="0.121" /><testcase classname="backend.tests.test_iteration3.TestDurability" name="test_sanity_upload_from_main_agent_still_served" time="0.217" /><testcase classname="backend.tests.test_iteration3.TestDurability" name="test_re_upload_then_fetch" time="0.472" /><testcase classname="backend.tests.test_iteration3.TestExtensionAllowlist" name="test_gif_rejected" time="0.116" /><testcase classname="backend.tests.test_iteration3.TestExtensionAllowlist" name="test_jpeg_allowed" time="0.242" /><testcase classname="backend.tests.test_iteration3.TestExtensionAllowlist" name="test_webp_allowed" time="0.254" /><testcase classname="backend.tests.test_iteration3.TestExtensionAllowlist" name="test_exe_rejected" time="0.115" /><testcase classname="backend.tests.test_iteration3.TestUploadAuthZ" name="test_no_auth_401" time="0.120" /><testcase classname="backend.tests.test_iteration3.TestUploadAuthZ" name="test_attendee_403" time="0.463" /><testcase classname="backend.tests.test_iteration3.TestUploadAuthZ" name="test_admin_ok" time="0.583" /><testcase classname="backend.tests.test_iteration3.TestCreateEventWithCover" name="test_organizer_creates_event_with_uploaded_cover" time="0.631" /></testsuite></testsuites>