<?xml version="1.0" encoding="utf-8"?><testsuites name="pytest tests"><testsuite name="pytest" errors="0" failures="1" skipped="0" tests="75" time="20.043" timestamp="2026-05-15T05:26:38.252356+00:00" hostname="agent-env-4f48749b-c8de-40e4-9e5b-44b0f2c0aeda"><testcase classname="backend.tests.test_aura_backend.TestHealth" name="test_root" time="0.133" /><testcase classname="backend.tests.test_aura_backend.TestEvents" name="test_list" time="0.118" /><testcase classname="backend.tests.test_aura_backend.TestEvents" name="test_featured" time="0.123" /><testcase classname="backend.tests.test_aura_backend.TestEvents" name="test_categories" time="0.127" /><testcase classname="backend.tests.test_aura_backend.TestEvents" name="test_detail_tier_event" time="0.145" /><testcase classname="backend.tests.test_aura_backend.TestEvents" name="test_detail_seatmap_event" time="0.121" /><testcase classname="backend.tests.test_aura_backend.TestEvents" name="test_detail_404" time="0.115" /><testcase classname="backend.tests.test_aura_backend.TestAuth" name="test_register_and_me" time="0.506" /><testcase classname="backend.tests.test_aura_backend.TestAuth" name="test_login_valid" time="0.355" /><testcase classname="backend.tests.test_aura_backend.TestAuth" name="test_login_invalid" time="0.367" /><testcase classname="backend.tests.test_aura_backend.TestAuth" name="test_me_no_token" time="0.124" /><testcase classname="backend.tests.test_aura_backend.TestAuth" name="test_logout" time="0.483" /><testcase classname="backend.tests.test_aura_backend.TestBookings" name="test_hold_tier_event" time="0.126" /><testcase classname="backend.tests.test_aura_backend.TestBookings" name="test_hold_seatmap_atomic" time="0.252" /><testcase classname="backend.tests.test_aura_backend.TestBookings" name="test_get_booking_owner" time="0.119" /><testcase classname="backend.tests.test_aura_backend.TestBookings" name="test_get_booking_forbidden" time="0.468" /><testcase classname="backend.tests.test_aura_backend.TestBookings" name="test_me_bookings" time="0.133" /><testcase classname="backend.tests.test_aura_backend.TestSeatHoldConcurrency" name="test_two_holds_same_seat" time="0.218" /><testcase classname="backend.tests.test_aura_backend.TestCheckout" name="test_create_session" time="0.638" /><testcase classname="backend.tests.test_aura_backend.TestCheckout" name="test_status_poll" time="0.287" /><testcase classname="backend.tests.test_aura_backend.TestOrganizer" name="test_attendee_cannot_create_event" time="0.119" /><testcase classname="backend.tests.test_aura_backend.TestOrganizer" name="test_organizer_can_create_event" time="0.144" /><testcase classname="backend.tests.test_aura_backend.TestOrganizer" name="test_org_events" time="0.170" /><testcase classname="backend.tests.test_aura_backend.TestOrganizer" name="test_org_analytics" time="0.127" /><testcase classname="backend.tests.test_aura_backend.TestOrganizer" name="test_org_forbidden_for_attendee" time="0.114" /><testcase classname="backend.tests.test_aura_backend.TestAdmin" name="test_admin_events" time="0.496" /><testcase classname="backend.tests.test_aura_backend.TestAdmin" name="test_admin_forbidden_for_attendee" time="0.122" /><testcase classname="backend.tests.test_aura_backend.TestAdmin" name="test_admin_approve" time="0.120" /><testcase classname="backend.tests.test_aura_backend.TestAdmin" name="test_admin_feature" time="0.127" /><testcase classname="backend.tests.test_aura_backend.TestAdmin" name="test_admin_reject" time="0.129" /><testcase classname="backend.tests.test_iteration2.TestUploads" name="test_upload_requires_auth" time="0.120" /><testcase classname="backend.tests.test_iteration2.TestUploads" name="test_upload_forbidden_attendee" time="0.477" /><testcase classname="backend.tests.test_iteration2.TestUploads" name="test_upload_bad_extension" time="0.486" /><testcase classname="backend.tests.test_iteration2.TestUploads" name="test_upload_organizer_success_and_serve" time="0.524" /><testcase classname="backend.tests.test_iteration2.TestUploads" name="test_upload_admin_success" time="0.630" /><testcase classname="backend.tests.test_iteration2.TestEventNewFields" name="test_seeded_roast_has_16_aisles" time="0.250" /><testcase classname="backend.tests.test_iteration2.TestEventNewFields" name="test_seeded_hamilton_has_20_aisles" time="0.124" /><testcase classname="backend.tests.test_iteration2.TestEventNewFields" name="test_create_event_with_aisles_and_backdrop" time="0.114" /><testcase classname="backend.tests.test_iteration2.TestAtomicSeatHold" name="test_hold_aisle_rejected" time="0.113" /><testcase classname="backend.tests.test_iteration2.TestAtomicSeatHold" name="test_two_concurrent_holds_one_wins" time="0.191" /><testcase classname="backend.tests.test_iteration2.TestAtomicSeatHold" name="test_duplicate_key_via_db" time="0.263" /><testcase classname="backend.tests.test_iteration2.TestCheckoutResilient" name="test_checkout_session_and_status_no_500" time="1.005" /><testcase classname="backend.tests.test_iteration3.TestUploadIter3Contract" name="test_url_format_is_api_files" time="0.722" /><testcase classname="backend.tests.test_iteration3.TestUploadIter3Contract" name="test_public_serve_no_auth" time="0.227" /><testcase classname="backend.tests.test_iteration3.TestUploadIter3Contract" name="test_files_404_for_unknown_path" time="0.135" /><testcase classname="backend.tests.test_iteration3.TestDurability" name="test_sanity_upload_from_main_agent_still_served" time="0.126"><failure message="AssertionError: {&quot;detail&quot;:&quot;File not found&quot;}&#10;assert 404 == 200&#10; +  where 404 = &lt;Response [404]&gt;.status_code">E   AssertionError: {"detail":"File not found"}
    assert 404 == 200
     +  where 404 = &lt;Response [404]&gt;.status_code</failure></testcase><testcase classname="backend.tests.test_iteration3.TestDurability" name="test_re_upload_then_fetch" time="0.444" /><testcase classname="backend.tests.test_iteration3.TestExtensionAllowlist" name="test_gif_rejected" time="0.137" /><testcase classname="backend.tests.test_iteration3.TestExtensionAllowlist" name="test_jpeg_allowed" time="0.312" /><testcase classname="backend.tests.test_iteration3.TestExtensionAllowlist" name="test_webp_allowed" time="0.282" /><testcase classname="backend.tests.test_iteration3.TestExtensionAllowlist" name="test_exe_rejected" time="0.133" /><testcase classname="backend.tests.test_iteration3.TestUploadAuthZ" name="test_no_auth_401" time="0.118" /><testcase classname="backend.tests.test_iteration3.TestUploadAuthZ" name="test_attendee_403" time="0.475" /><testcase classname="backend.tests.test_iteration3.TestUploadAuthZ" name="test_admin_ok" time="0.614" /><testcase classname="backend.tests.test_iteration3.TestCreateEventWithCover" name="test_organizer_creates_event_with_uploaded_cover" time="0.586" /><testcase classname="backend.tests.test_iteration4.TestEventAnalyticsDrilldown" name="test_schema_and_values_for_demo_event" time="0.507" /><testcase classname="backend.tests.test_iteration4.TestEventAnalyticsDrilldown" name="test_admin_can_view_any_event" time="0.475" /><testcase classname="backend.tests.test_iteration4.TestEventAnalyticsDrilldown" name="test_404_for_unknown_event" time="0.117" /><testcase classname="backend.tests.test_iteration4.TestEventAnalyticsDrilldown" name="test_403_for_attendee" time="0.478" /><testcase classname="backend.tests.test_iteration4.TestEventAnalyticsDrilldown" name="test_401_no_auth" time="0.130" /><testcase classname="backend.tests.test_iteration4.TestEventAnalyticsDrilldown" name="test_403_for_non_owner_organizer" time="0.235" /><testcase classname="backend.tests.test_iteration4.TestAttendeesCsv" name="test_csv_headers_and_content" time="0.117" /><testcase classname="backend.tests.test_iteration4.TestAttendeesCsv" name="test_admin_can_export" time="0.123" /><testcase classname="backend.tests.test_iteration4.TestAttendeesCsv" name="test_csv_404_unknown_event" time="0.117" /><testcase classname="backend.tests.test_iteration4.TestAttendeesCsv" name="test_csv_403_attendee" time="0.113" /><testcase classname="backend.tests.test_iteration4.TestFilesETag" name="test_etag_and_304" time="0.737" /><testcase classname="backend.tests.test_iteration4.TestFilesETag" name="test_mismatched_etag_returns_200" time="0.471" /><testcase classname="backend.tests.test_iteration4.TestRouterStructureSmoke" name="test_root" time="0.127" /><testcase classname="backend.tests.test_iteration4.TestRouterStructureSmoke" name="test_events_list" time="0.143" /><testcase classname="backend.tests.test_iteration4.TestRouterStructureSmoke" name="test_events_featured" time="0.126" /><testcase classname="backend.tests.test_iteration4.TestRouterStructureSmoke" name="test_categories" time="0.115" /><testcase classname="backend.tests.test_iteration4.TestRouterStructureSmoke" name="test_auth_me" time="0.116" /><testcase classname="backend.tests.test_iteration4.TestRouterStructureSmoke" name="test_organizer_events" time="0.121" /><testcase classname="backend.tests.test_iteration4.TestRouterStructureSmoke" name="test_organizer_aggregate_analytics" time="0.117" /><testcase classname="backend.tests.test_iteration4.TestRouterStructureSmoke" name="test_admin_events_list" time="0.126" /></testsuite></testsuites>