<?xml version="1.0" encoding="utf-8"?><testsuites name="pytest tests"><testsuite name="pytest" errors="0" failures="2" skipped="0" tests="30" time="7.499" timestamp="2026-05-15T04:15:07.355685+00:00" hostname="agent-env-4f48749b-c8de-40e4-9e5b-44b0f2c0aeda"><testcase classname="backend.tests.test_aura_backend.TestHealth" name="test_root" time="0.196" /><testcase classname="backend.tests.test_aura_backend.TestEvents" name="test_list" time="0.140" /><testcase classname="backend.tests.test_aura_backend.TestEvents" name="test_featured" time="0.131" /><testcase classname="backend.tests.test_aura_backend.TestEvents" name="test_categories" time="0.192" /><testcase classname="backend.tests.test_aura_backend.TestEvents" name="test_detail_tier_event" time="0.117" /><testcase classname="backend.tests.test_aura_backend.TestEvents" name="test_detail_seatmap_event" time="0.139" /><testcase classname="backend.tests.test_aura_backend.TestEvents" name="test_detail_404" time="0.111" /><testcase classname="backend.tests.test_aura_backend.TestAuth" name="test_register_and_me" time="0.128"><failure message="AssertionError: {&quot;detail&quot;:[{&quot;type&quot;:&quot;value_error&quot;,&quot;loc&quot;:[&quot;body&quot;,&quot;email&quot;],&quot;msg&quot;:&quot;value is not a valid email address: The part after the @-sign is a special-use or reserved name that cannot be used with email.&quot;,&quot;input&quot;:&quot;test_0a2348e6@aura.test&quot;,&quot;ctx&quot;:{&quot;reason&quot;:&quot;The part after the @-sign is a special-use or reserved name that cannot be used with email.&quot;}}]}&#10;assert 422 == 200&#10; +  where 422 = &lt;Response [422]&gt;.status_code">backend/tests/test_aura_backend.py:120: in test_register_and_me
    assert r.status_code == 200, r.text
E   AssertionError: {"detail":[{"type":"value_error","loc":["body","email"],"msg":"value is not a valid email address: The part after the @-sign is a special-use or reserved name that cannot be used with email.","input":"test_0a2348e6@aura.test","ctx":{"reason":"The part after the @-sign is a special-use or reserved name that cannot be used with email."}}]}
E   assert 422 == 200
E    +  where 422 = &lt;Response [422]&gt;.status_code</failure></testcase><testcase classname="backend.tests.test_aura_backend.TestAuth" name="test_login_valid" time="0.357" /><testcase classname="backend.tests.test_aura_backend.TestAuth" name="test_login_invalid" time="0.348" /><testcase classname="backend.tests.test_aura_backend.TestAuth" name="test_me_no_token" time="0.116" /><testcase classname="backend.tests.test_aura_backend.TestAuth" name="test_logout" time="0.500" /><testcase classname="backend.tests.test_aura_backend.TestBookings" name="test_hold_tier_event" time="0.129" /><testcase classname="backend.tests.test_aura_backend.TestBookings" name="test_hold_seatmap_atomic" time="0.248" /><testcase classname="backend.tests.test_aura_backend.TestBookings" name="test_get_booking_owner" time="0.122" /><testcase classname="backend.tests.test_aura_backend.TestBookings" name="test_get_booking_forbidden" time="0.995" /><testcase classname="backend.tests.test_aura_backend.TestBookings" name="test_me_bookings" time="0.127" /><testcase classname="backend.tests.test_aura_backend.TestSeatHoldConcurrency" name="test_two_holds_same_seat" time="0.142" /><testcase classname="backend.tests.test_aura_backend.TestCheckout" name="test_create_session" time="0.881" /><testcase classname="backend.tests.test_aura_backend.TestCheckout" name="test_status_poll" time="0.355"><failure message="AssertionError: Internal Server Error&#10;assert 500 == 200&#10; +  where 500 = &lt;Response [500]&gt;.status_code">backend/tests/test_aura_backend.py:241: in test_status_poll
    assert r.status_code == 200, r.text
E   AssertionError: Internal Server Error
E   assert 500 == 200
E    +  where 500 = &lt;Response [500]&gt;.status_code</failure></testcase><testcase classname="backend.tests.test_aura_backend.TestOrganizer" name="test_attendee_cannot_create_event" time="0.124" /><testcase classname="backend.tests.test_aura_backend.TestOrganizer" name="test_organizer_can_create_event" time="0.119" /><testcase classname="backend.tests.test_aura_backend.TestOrganizer" name="test_org_events" time="0.121" /><testcase classname="backend.tests.test_aura_backend.TestOrganizer" name="test_org_analytics" time="0.137" /><testcase classname="backend.tests.test_aura_backend.TestOrganizer" name="test_org_forbidden_for_attendee" time="0.121" /><testcase classname="backend.tests.test_aura_backend.TestAdmin" name="test_admin_events" time="0.466" /><testcase classname="backend.tests.test_aura_backend.TestAdmin" name="test_admin_forbidden_for_attendee" time="0.187" /><testcase classname="backend.tests.test_aura_backend.TestAdmin" name="test_admin_approve" time="0.117" /><testcase classname="backend.tests.test_aura_backend.TestAdmin" name="test_admin_feature" time="0.121" /><testcase classname="backend.tests.test_aura_backend.TestAdmin" name="test_admin_reject" time="0.202" /></testsuite></testsuites>