<?xml version="1.0" encoding="utf-8"?><testsuites name="pytest tests"><testsuite name="pytest" errors="0" failures="0" skipped="0" tests="22" time="7.169" timestamp="2026-05-15T06:25:20.982834+00:00" hostname="agent-env-4f48749b-c8de-40e4-9e5b-44b0f2c0aeda"><testcase classname="backend.tests.test_iteration7.TestMoviesCategory" name="test_categories_includes_movies_first" time="0.151" /><testcase classname="backend.tests.test_iteration7.TestMoviesCategory" name="test_movies_events_seeded_with_seatmap" time="0.354" /><testcase classname="backend.tests.test_iteration7.TestAdminAuthGating" name="test_users_list_requires_admin_role_403_for_attendee" time="0.470" /><testcase classname="backend.tests.test_iteration7.TestAdminAuthGating" name="test_users_list_requires_admin_role_403_for_organizer" time="0.475" /><testcase classname="backend.tests.test_iteration7.TestAdminAuthGating" name="test_users_stats_403_for_non_admin" time="0.142" /><testcase classname="backend.tests.test_iteration7.TestAdminAuthGating" name="test_users_list_no_auth_401" time="0.114" /><testcase classname="backend.tests.test_iteration7.TestAdminUserList" name="test_list_users" time="0.516" /><testcase classname="backend.tests.test_iteration7.TestAdminUserList" name="test_attendee_bookings_count_positive" time="0.139" /><testcase classname="backend.tests.test_iteration7.TestAdminUserList" name="test_search_by_q" time="0.126" /><testcase classname="backend.tests.test_iteration7.TestAdminUserList" name="test_filter_by_role_organizer" time="0.118" /><testcase classname="backend.tests.test_iteration7.TestAdminUserList" name="test_filter_active_true_includes_legacy" time="0.148" /><testcase classname="backend.tests.test_iteration7.TestAdminUserList" name="test_filter_active_false" time="0.117" /><testcase classname="backend.tests.test_iteration7.TestAdminUserList" name="test_user_stats" time="0.119" /><testcase classname="backend.tests.test_iteration7.TestRoleChange" name="test_change_role_valid" time="0.599" /><testcase classname="backend.tests.test_iteration7.TestRoleChange" name="test_change_role_invalid_400" time="0.481" /><testcase classname="backend.tests.test_iteration7.TestRoleChange" name="test_change_role_self_demote_400" time="0.124" /><testcase classname="backend.tests.test_iteration7.TestRoleChange" name="test_change_role_unknown_user_404" time="0.132" /><testcase classname="backend.tests.test_iteration7.TestSuspendLifecycle" name="test_suspend_blocks_login_and_old_token_then_unsuspend" time="1.778" /><testcase classname="backend.tests.test_iteration7.TestSuspendLifecycle" name="test_suspend_self_400" time="0.116" /><testcase classname="backend.tests.test_iteration7.TestSuspendLifecycle" name="test_suspend_unknown_404" time="0.116" /><testcase classname="backend.tests.test_iteration7.TestLegacyAdminLogin" name="test_seed_admin_login" time="0.348" /><testcase classname="backend.tests.test_iteration7.TestLegacyAdminLogin" name="test_seed_organizer_login" time="0.350" /></testsuite></testsuites>